[    0.000000] Linux version 4.15.0-124-generic (buildd@lgw01-amd64-029) (gcc version 7.5.0 (Ubuntu 7.5.0-3ubuntu1~18.04)) #127-Ubuntu SMP Fri Nov 6 10:54:43 UTC 2020 (Ubuntu 4.15.0-124.127-generic 4.15.18)
[    0.000000] Command line: BOOT_IMAGE=/boot/vmlinuz-4.15.0-124-generic root=LABEL=cloudimg-rootfs ro console=tty1 console=ttyS0
[    0.000000] KERNEL supported cpus:
[    0.000000]   Intel GenuineIntel
[    0.000000]   AMD AuthenticAMD
[    0.000000]   Centaur CentaurHauls
[    0.000000] x86/fpu: Supporting XSAVE feature 0x001: 'x87 floating point registers'
[    0.000000] x86/fpu: Supporting XSAVE feature 0x002: 'SSE registers'
[    0.000000] x86/fpu: Supporting XSAVE feature 0x004: 'AVX registers'
[    0.000000] x86/fpu: xstate_offset[2]:  576, xstate_sizes[2]:  256
[    0.000000] x86/fpu: Enabled xstate features 0x7, context size is 832 bytes, using 'standard' format.
[    0.000000] e820: BIOS-provided physical RAM map:
[    0.000000] BIOS-e820: [mem 0x0000000000000000-0x000000000009fbff] usable
[    0.000000] BIOS-e820: [mem 0x000000000009fc00-0x000000000009ffff] reserved
[    0.000000] BIOS-e820: [mem 0x00000000000f0000-0x00000000000fffff] reserved
[    0.000000] BIOS-e820: [mem 0x0000000000100000-0x000000003ffeffff] usable
[    0.000000] BIOS-e820: [mem 0x000000003fff0000-0x000000003fffffff] ACPI data
[    0.000000] BIOS-e820: [mem 0x00000000fec00000-0x00000000fec00fff] reserved
[    0.000000] BIOS-e820: [mem 0x00000000fee00000-0x00000000fee00fff] reserved
[    0.000000] BIOS-e820: [mem 0x00000000fffc0000-0x00000000ffffffff] reserved
[    0.000000] NX (Execute Disable) protection: active
[    0.000000] SMBIOS 2.5 present.
[    0.000000] DMI: innotek GmbH VirtualBox/VirtualBox, BIOS VirtualBox 12/01/2006
[    0.000000] Hypervisor detected: KVM
[    0.000000] e820: last_pfn = 0x3fff0 max_arch_pfn = 0x400000000
[    0.000000] MTRR: Disabled
[    0.000000] x86/PAT: MTRRs disabled, skipping PAT initialization too.
[    0.000000] CPU MTRRs all blank - virtualized system.
[    0.000000] x86/PAT: Configuration [0-7]: WB  WT  UC- UC  WB  WT  UC- UC  
[    0.000000] found SMP MP-table at [mem 0x0009fff0-0x0009ffff]
[    0.000000] Scanning 1 areas for low memory corruption
[    0.000000] RAMDISK: [mem 0x35a67000-0x36d2afff]
[    0.000000] ACPI: Early table checksum verification disabled
[    0.000000] ACPI: RSDP 0x00000000000E0000 000024 (v02 VBOX  )
[    0.000000] ACPI: XSDT 0x000000003FFF0030 00003C (v01 VBOX   VBOXXSDT 00000001 ASL  00000061)
[    0.000000] ACPI: FACP 0x000000003FFF00F0 0000F4 (v04 VBOX   VBOXFACP 00000001 ASL  00000061)
[    0.000000] ACPI: DSDT 0x000000003FFF0470 0021FF (v02 VBOX   VBOXBIOS 00000002 INTL 20180105)
[    0.000000] ACPI: FACS 0x000000003FFF0200 000040
[    0.000000] ACPI: FACS 0x000000003FFF0200 000040
[    0.000000] ACPI: APIC 0x000000003FFF0240 00005C (v02 VBOX   VBOXAPIC 00000001 ASL  00000061)
[    0.000000] ACPI: SSDT 0x000000003FFF02A0 0001CC (v01 VBOX   VBOXCPUT 00000002 INTL 20180105)
[    0.000000] No NUMA configuration found
[    0.000000] Faking a node at [mem 0x0000000000000000-0x000000003ffeffff]
[    0.000000] NODE_DATA(0) allocated [mem 0x3ffc5000-0x3ffeffff]
[    0.000000] kvm-clock: cpu 0, msr 0:3ff44001, primary cpu clock
[    0.000000] kvm-clock: Using msrs 4b564d01 and 4b564d00
[    0.000000] kvm-clock: using sched offset of 10693178748 cycles
[    0.000000] clocksource: kvm-clock: mask: 0xffffffffffffffff max_cycles: 0x1cd42e4dffb, max_idle_ns: 881590591483 ns
[    0.000000] Zone ranges:
[    0.000000]   DMA      [mem 0x0000000000001000-0x0000000000ffffff]
[    0.000000]   DMA32    [mem 0x0000000001000000-0x000000003ffeffff]
[    0.000000]   Normal   empty
[    0.000000]   Device   empty
[    0.000000] Movable zone start for each node
[    0.000000] Early memory node ranges
[    0.000000]   node   0: [mem 0x0000000000001000-0x000000000009efff]
[    0.000000]   node   0: [mem 0x0000000000100000-0x000000003ffeffff]
[    0.000000] Reserved but unavailable: 98 pages
[    0.000000] Initmem setup node 0 [mem 0x0000000000001000-0x000000003ffeffff]
[    0.000000] ACPI: PM-Timer IO Port: 0x4008
[    0.000000] IOAPIC[0]: apic_id 2, version 32, address 0xfec00000, GSI 0-23
[    0.000000] ACPI: INT_SRC_OVR (bus 0 bus_irq 0 global_irq 2 dfl dfl)
[    0.000000] ACPI: INT_SRC_OVR (bus 0 bus_irq 9 global_irq 9 low level)
[    0.000000] Using ACPI (MADT) for SMP configuration information
[    0.000000] smpboot: Allowing 2 CPUs, 0 hotplug CPUs
[    0.000000] PM: Registered nosave memory: [mem 0x00000000-0x00000fff]
[    0.000000] PM: Registered nosave memory: [mem 0x0009f000-0x0009ffff]
[    0.000000] PM: Registered nosave memory: [mem 0x000a0000-0x000effff]
[    0.000000] PM: Registered nosave memory: [mem 0x000f0000-0x000fffff]
[    0.000000] e820: [mem 0x40000000-0xfebfffff] available for PCI devices
[    0.000000] Booting paravirtualized kernel on KVM
[    0.000000] clocksource: refined-jiffies: mask: 0xffffffff max_cycles: 0xffffffff, max_idle_ns: 7645519600211568 ns
[    0.000000] random: get_random_bytes called from start_kernel+0x99/0x500 with crng_init=0
[    0.000000] setup_percpu: NR_CPUS:8192 nr_cpumask_bits:2 nr_cpu_ids:2 nr_node_ids:1
[    0.000000] percpu: Embedded 45 pages/cpu s147456 r8192 d28672 u1048576
[    0.000000] PV qspinlock hash table entries: 256 (order: 0, 4096 bytes)
[    0.000000] Built 1 zonelists, mobility grouping on.  Total pages: 257913
[    0.000000] Policy zone: DMA32
[    0.000000] Kernel command line: BOOT_IMAGE=/boot/vmlinuz-4.15.0-124-generic root=LABEL=cloudimg-rootfs ro console=tty1 console=ttyS0
[    0.000000] Memory: 983032K/1048120K available (12300K kernel code, 2482K rwdata, 4272K rodata, 2436K init, 2724K bss, 65088K reserved, 0K cma-reserved)
[    0.000000] SLUB: HWalign=64, Order=0-3, MinObjects=0, CPUs=2, Nodes=1
[    0.000000] Kernel/User page tables isolation: enabled
[    0.000000] ftrace: allocating 39402 entries in 154 pages
[    0.004000] Hierarchical RCU implementation.
[    0.004000] 	RCU restricting CPUs from NR_CPUS=8192 to nr_cpu_ids=2.
[    0.004000] 	Tasks RCU enabled.
[    0.004000] RCU: Adjusting geometry for rcu_fanout_leaf=16, nr_cpu_ids=2
[    0.004000] NR_IRQS: 524544, nr_irqs: 440, preallocated irqs: 16
[    0.004000] Console: colour VGA+ 80x25
[    0.004000] console [tty1] enabled
[    0.004000] console [ttyS0] enabled
[    0.004000] ACPI: Core revision 20170831
[    0.004000] ACPI: 2 ACPI AML tables successfully acquired and loaded
[    0.004000] APIC: Switch to symmetric I/O mode setup
[    0.009847] x2apic enabled
[    0.012057] Switched APIC routing to physical x2apic.
[    0.020000] ..TIMER: vector=0x30 apic1=0 pin1=2 apic2=-1 pin2=-1
[    0.020011] tsc: Detected 2693.934 MHz processor
[    0.024015] Calibrating delay loop (skipped) preset value.. 5387.86 BogoMIPS (lpj=10775736)
[    0.028015] pid_max: default: 32768 minimum: 301
[    0.032081] Security Framework initialized
[    0.036012] Yama: becoming mindful.
[    0.040074] AppArmor: AppArmor initialized
[    0.048441] Dentry cache hash table entries: 131072 (order: 8, 1048576 bytes)
[    0.052323] Inode-cache hash table entries: 65536 (order: 7, 524288 bytes)
[    0.056048] Mount-cache hash table entries: 2048 (order: 2, 16384 bytes)
[    0.060033] Mountpoint-cache hash table entries: 2048 (order: 2, 16384 bytes)
[    0.065920] Last level iTLB entries: 4KB 512, 2MB 8, 4MB 8
[    0.068013] Last level dTLB entries: 4KB 512, 2MB 32, 4MB 32, 1GB 0
[    0.072037] Spectre V1 : Mitigation: usercopy/swapgs barriers and __user pointer sanitization
[    0.076010] Spectre V2 : Mitigation: Full generic retpoline
[    0.080007] Spectre V2 : Spectre v2 / SpectreRSB mitigation: Filling RSB on context switch
[    0.084010] Speculative Store Bypass: Vulnerable
[    0.088088] SRBDS: Unknown: Dependent on hypervisor status
[    0.092009] MDS: Mitigation: Clear CPU buffers
[    0.096410] Freeing SMP alternatives memory: 36K
[    0.220379] APIC calibration not consistent with PM-Timer: 101ms instead of 100ms
[    0.224000] APIC delta adjusted to PM-Timer: 6343715 (6419425)
[    0.224572] smpboot: CPU0: Intel(R) Core(TM) i7-3820QM CPU @ 2.70GHz (family: 0x6, model: 0x3a, stepping: 0x9)
[    0.228214] Performance Events: unsupported p6 CPU model 58 no PMU driver, software events only.
[    0.232310] Hierarchical SRCU implementation.
[    0.240438] NMI watchdog: Perf event create on CPU 0 failed with -2
[    0.244010] NMI watchdog: Perf NMI watchdog permanently disabled
[    0.248141] smp: Bringing up secondary CPUs ...
[    0.252258] x86: Booting SMP configuration:
[    0.256013] .... node  #0, CPUs:      #1
[    0.004000] kvm-clock: cpu 1, msr 0:3ff44041, secondary cpu clock
[    0.304063] smp: Brought up 1 node, 2 CPUs
[    0.308019] smpboot: Max logical packages: 1
[    0.312011] smpboot: Total of 2 processors activated (10775.73 BogoMIPS)
[    0.320120] devtmpfs: initialized
[    0.324088] x86/mm: Memory block size: 128MB
[    0.328318] evm: security.selinux
[    0.332011] evm: security.SMACK64
[    0.336008] evm: security.SMACK64EXEC
[    0.340012] evm: security.SMACK64TRANSMUTE
[    0.344009] evm: security.SMACK64MMAP
[    0.348010] evm: security.apparmor
[    0.352009] evm: security.ima
[    0.360010] evm: security.capability
[    0.368407] clocksource: jiffies: mask: 0xffffffff max_cycles: 0xffffffff, max_idle_ns: 7645041785100000 ns
[    0.372037] futex hash table entries: 512 (order: 3, 32768 bytes)
[    0.377308] pinctrl core: initialized pinctrl subsystem
[    0.380679] RTC time:  2:11:43, date: 01/04/21
[    0.389943] NET: Registered protocol family 16
[    0.392152] audit: initializing netlink subsys (disabled)
[    0.396291] audit: type=2000 audit(1609726312.479:1): state=initialized audit_enabled=0 res=1
[    0.452022] cpuidle: using governor ladder
[    0.460030] cpuidle: using governor menu
[    0.464099] ACPI: bus type PCI registered
[    0.468011] acpiphp: ACPI Hot Plug PCI Controller Driver version: 0.5
[    0.476006] PCI: Using configuration type 1 for base access
[    0.484429] HugeTLB registered 2.00 MiB page size, pre-allocated 0 pages
[    0.496430] ACPI: Added _OSI(Module Device)
[    0.500044] ACPI: Added _OSI(Processor Device)
[    0.504011] ACPI: Added _OSI(3.0 _SCP Extensions)
[    0.508012] ACPI: Added _OSI(Processor Aggregator Device)
[    0.512018] ACPI: Added _OSI(Linux-Dell-Video)
[    0.528012] ACPI: Added _OSI(Linux-Lenovo-NV-HDMI-Audio)
[    0.540015] ACPI: Added _OSI(Linux-HPI-Hybrid-Graphics)
[    0.573628] ACPI: Executed 1 blocks of module-level executable AML code
[    0.601451] ACPI: Interpreter enabled
[    0.620033] ACPI: (supports S0 S5)
[    0.628007] ACPI: Using IOAPIC for interrupt routing
[    0.652648] PCI: Using host bridge windows from ACPI; if necessary, use "pci=nocrs" and report a bug
[    0.681280] ACPI: Enabled 2 GPEs in block 00 to 07
[    0.722251] ACPI: PCI Root Bridge [PCI0] (domain 0000 [bus 00-ff])
[    0.748027] acpi PNP0A03:00: _OSC: OS supports [ASPM ClockPM Segments MSI]
[    0.780068] acpi PNP0A03:00: _OSC: not requesting OS control; OS requires [ExtendedConfig ASPM ClockPM MSI]
[    0.824033] acpi PNP0A03:00: fail to add MMCONFIG information, can't access extended PCI configuration space under this bridge.
[    0.869714] PCI host bridge to bus 0000:00
[    0.884011] pci_bus 0000:00: root bus resource [io  0x0000-0x0cf7 window]
[    0.912017] pci_bus 0000:00: root bus resource [io  0x0d00-0xffff window]
[    0.940014] pci_bus 0000:00: root bus resource [mem 0x000a0000-0x000bffff window]
[    0.960014] pci_bus 0000:00: root bus resource [mem 0x40000000-0xfdffffff window]
[    0.988024] pci_bus 0000:00: root bus resource [bus 00-ff]
[    1.077294] pci 0000:00:01.1: legacy IDE quirk: reg 0x10: [io  0x01f0-0x01f7]
[    1.108013] pci 0000:00:01.1: legacy IDE quirk: reg 0x14: [io  0x03f6]
[    1.140013] pci 0000:00:01.1: legacy IDE quirk: reg 0x18: [io  0x0170-0x0177]
[    1.176015] pci 0000:00:01.1: legacy IDE quirk: reg 0x1c: [io  0x0376]
[    1.537449] pci 0000:00:07.0: quirk: [io  0x4000-0x403f] claimed by PIIX4 ACPI
[    1.564010] pci 0000:00:07.0: quirk: [io  0x4100-0x410f] claimed by PIIX4 SMB
[    1.704239] ACPI: PCI Interrupt Link [LNKA] (IRQs 5 9 10 *11)
[    1.728509] ACPI: PCI Interrupt Link [LNKB] (IRQs 5 9 *10 11)
[    1.756026] ACPI: PCI Interrupt Link [LNKC] (IRQs 5 *9 10 11)
[    1.780034] ACPI: PCI Interrupt Link [LNKD] (IRQs 5 9 10 *11)
[    1.806501] SCSI subsystem initialized
[    1.828004] pci 0000:00:02.0: vgaarb: setting as boot VGA device
[    1.840002] pci 0000:00:02.0: vgaarb: VGA device added: decodes=io+mem,owns=io+mem,locks=none
[    1.884017] pci 0000:00:02.0: vgaarb: bridge control possible
[    1.900010] vgaarb: loaded
[    1.912170] ACPI: bus type USB registered
[    1.928153] usbcore: registered new interface driver usbfs
[    1.976098] usbcore: registered new interface driver hub
[    2.028199] usbcore: registered new device driver usb
[    2.060332] EDAC MC: Ver: 3.0.0
[    2.088226] PCI: Using ACPI for IRQ routing
[    2.121483] NetLabel: Initializing
[    2.140031] NetLabel:  domain hash size = 128
[    2.176011] NetLabel:  protocols = UNLABELED CIPSOv4 CALIPSO
[    2.208082] NetLabel:  unlabeled traffic allowed by default
[    2.249070] clocksource: Switched to clocksource kvm-clock
[    2.303773] VFS: Disk quotas dquot_6.6.0
[    2.404686] VFS: Dquot-cache hash table entries: 512 (order 0, 4096 bytes)
[    2.528359] AppArmor: AppArmor Filesystem Enabled
[    2.618162] pnp: PnP ACPI init
[    2.669032] pnp: PnP ACPI: found 3 devices
[    2.687913] clocksource: acpi_pm: mask: 0xffffff max_cycles: 0xffffff, max_idle_ns: 2085701024 ns
[    2.737392] NET: Registered protocol family 2
[    2.772010] TCP established hash table entries: 8192 (order: 4, 65536 bytes)
[    2.789490] TCP bind hash table entries: 8192 (order: 5, 131072 bytes)
[    2.806848] TCP: Hash tables configured (established 8192 bind 8192)
[    2.823381] UDP hash table entries: 512 (order: 2, 16384 bytes)
[    2.837372] UDP-Lite hash table entries: 512 (order: 2, 16384 bytes)
[    2.853987] NET: Registered protocol family 1
[    2.865118] pci 0000:00:00.0: Limiting direct PCI/PCI transfers
[    2.902734] pci 0000:00:01.0: Activating ISA DMA hang workarounds
[    2.920729] pci 0000:00:02.0: Video device with shadowed ROM at [mem 0x000c0000-0x000dffff]
[    2.941018] Unpacking initramfs...
[    3.322401] Freeing initrd memory: 19216K
[    3.355287] clocksource: tsc: mask: 0xffffffffffffffff max_cycles: 0x26d4dc37338, max_idle_ns: 440795237949 ns
[    3.397336] platform rtc_cmos: registered platform RTC device (no PNP device found)
[    3.442055] Scanning for low memory corruption every 60 seconds
[    3.462227] Initialise system trusted keyrings
[    3.488251] Key type blacklist registered
[    3.544716] workingset: timestamp_bits=36 max_order=18 bucket_order=0
[    3.669037] zbud: loaded
[    3.713013] squashfs: version 4.0 (2009/01/31) Phillip Lougher
[    3.800981] fuse init (API version 7.26)
[    3.903351] Key type asymmetric registered
[    3.934112] Asymmetric key parser 'x509' registered
[    4.001848] Block layer SCSI generic (bsg) driver version 0.4 loaded (major 246)
[    4.023488] io scheduler noop registered
[    4.086275] io scheduler deadline registered
[    4.104587] io scheduler cfq registered (default)
[    4.119384] ACPI: AC Adapter [AC] (on-line)
[    4.131057] input: Power Button as /devices/LNXSYSTM:00/LNXPWRBN:00/input/input0
[    4.152639] ACPI: Power Button [PWRF]
[    4.164128] input: Sleep Button as /devices/LNXSYSTM:00/LNXSLPBN:00/input/input1
[    4.181665] ACPI: Sleep Button [SLPF]
[    4.205674] Serial: 8250/16550 driver, 32 ports, IRQ sharing enabled
[    4.305813] 00:02: ttyS0 at I/O 0x3f8 (irq = 4, base_baud = 115200) is a 16550A
[    4.343674] Linux agpgart interface v0.103
[    4.364873] loop: module loaded
[    4.379707] scsi host0: ata_piix
[    4.392363] scsi host1: ata_piix
[    4.425012] ata1: PATA max UDMA/33 cmd 0x1f0 ctl 0x3f6 bmdma 0xd000 irq 14
[    4.486868] ata2: PATA max UDMA/33 cmd 0x170 ctl 0x376 bmdma 0xd008 irq 15
[    4.507703] libphy: Fixed MDIO Bus: probed
[    4.538533] tun: Universal TUN/TAP device driver, 1.6
[    4.557235] PPP generic driver version 2.4.2
[    4.570391] ehci_hcd: USB 2.0 'Enhanced' Host Controller (EHCI) Driver
[    4.593697] ehci-pci: EHCI PCI platform driver
[    4.606078] ehci-platform: EHCI generic platform driver
[    4.630410] ohci_hcd: USB 1.1 'Open' Host Controller (OHCI) Driver
[    4.657904] ohci-pci: OHCI PCI platform driver
[    4.671861] ohci-platform: OHCI generic platform driver
[    4.687273] uhci_hcd: USB Universal Host Controller Interface driver
[    4.706900] i8042: PNP: PS/2 Controller [PNP0303:PS2K,PNP0f03:PS2M] at 0x60,0x64 irq 1,12
[    4.743327] serio: i8042 KBD port at 0x60,0x64 irq 1
[    4.765757] serio: i8042 AUX port at 0x60,0x64 irq 12
[    4.788230] mousedev: PS/2 mouse device common for all mice
[    4.811574] input: AT Translated Set 2 keyboard as /devices/platform/i8042/serio0/input/input2
[    4.812192] rtc_cmos rtc_cmos: rtc core: registered rtc_cmos as rtc0
[    4.853588] rtc_cmos rtc_cmos: alarms up to one day, 114 bytes nvram
[    4.870218] i2c /dev entries driver
[    4.883448] device-mapper: uevent: version 1.0.3
[    4.920399] device-mapper: ioctl: 4.37.0-ioctl (2017-09-20) initialised: dm-devel@redhat.com
[    5.008766] ledtrig-cpu: registered to indicate activity on CPUs
[    5.071191] NET: Registered protocol family 10
[    5.105468] Segment Routing with IPv6
[    5.119922] NET: Registered protocol family 17
[    5.162211] Key type dns_resolver registered
[    5.186290] mce: Using 0 MCE banks
[    5.221271] RAS: Correctable Errors collector initialized.
[    5.258177] sched_clock: Marking stable (5257877944, 0)->(9375920809, -4118042865)
[    5.305384] registered taskstats version 1
[    5.315921] Loading compiled-in X.509 certificates
[    5.382394] Loaded X.509 cert 'Build time autogenerated kernel key: be62403dcace2d46f96dafa9f42421c610ef3c2a'
[    5.409672] zswap: loaded using pool lzo/zbud
[    5.442205] Key type big_key registered
[    5.452851] Key type trusted registered
[    5.468839] Key type encrypted registered
[    5.479574] AppArmor: AppArmor sha1 policy hashing enabled
[    5.537266] ima: No TPM chip found, activating TPM-bypass! (rc=-19)
[    5.566048] ima: Allocated hash algorithm: sha1
[    5.579864] evm: HMAC attrs: 0x1
[    5.591153]   Magic number: 5:94:156
[    5.610007] rtc_cmos rtc_cmos: setting system clock to 2021-01-04 02:11:49 UTC (1609726309)
[    5.642226] BIOS EDD facility v0.16 2004-Jun-25, 0 devices found
[    5.657211] EDD information not available.
[    5.677378] Freeing unused kernel image memory: 2436K
[    5.724343] Write protecting the kernel read-only data: 20480k
[    5.766673] Freeing unused kernel image memory: 2008K
[    5.783245] Freeing unused kernel image memory: 1872K
[    5.803196] x86/mm: Checked W+X mappings: passed, no W+X pages found.
[    5.833628] x86/mm: Checking user space page tables
[    5.852658] x86/mm: Checked W+X mappings: passed, no W+X pages found.
Loading, please wait...
starting version 237
[    6.082553] e1000: Intel(R) PRO/1000 Network Driver - version 7.3.21-k8-NAPI
[    6.088397] Fusion MPT base driver 3.04.20
[    6.134591] e1000: Copyright (c) 1999-2006 Intel Corporation.
[    6.204818] Copyright (c) 1999-2008 LSI Corporation
[    6.505711] AVX version of gcm_enc/dec engaged.
[    6.551021] AES CTR mode by8 optimization enabled
[    6.571335] Fusion MPT SPI Host driver 3.04.20
[    6.749065] input: ImExPS/2 Generic Explorer Mouse as /devices/platform/i8042/serio1/input/input4
[    8.014001] e1000 0000:00:03.0 eth0: (PCI:33MHz:32-bit) 02:60:71:1d:34:36
[    8.033612] e1000 0000:00:03.0 eth0: Intel(R) PRO/1000 Network Connection
[    8.132415] mptbase: ioc0: Initiating bringup
[    8.136597] e1000 0000:00:03.0 enp0s3: renamed from eth0
[    8.266730] ioc0: LSI53C1030 A0: Capabilities={Initiator}
[    8.534999] scsi host2: ioc0: LSI53C1030 A0, FwRev=00000000h, Ports=1, MaxQ=256, IRQ=20
[    8.746113] scsi 2:0:0:0: Direct-Access     VBOX     HARDDISK         1.0  PQ: 0 ANSI: 5
[    9.248791] scsi target2:0:0: Beginning Domain Validation
[    9.273927] scsi target2:0:0: Domain Validation skipping write tests
[    9.290030] scsi target2:0:0: Ending Domain Validation
[    9.354936] scsi target2:0:0: asynchronous
[    9.367587] random: fast init done
[    9.379734] scsi 2:0:1:0: Direct-Access     VBOX     HARDDISK         1.0  PQ: 0 ANSI: 5
[    9.536525] scsi target2:0:1: Beginning Domain Validation
[    9.585651] scsi target2:0:1: Domain Validation skipping write tests
[    9.601282] scsi target2:0:1: Ending Domain Validation
[    9.944577] scsi target2:0:1: asynchronous
[    9.981641] random: systemd-udevd: uninitialized urandom read (16 bytes read)
[    9.998592] random: systemd-udevd: uninitialized urandom read (16 bytes read)
[   10.013059] sd 2:0:0:0: Attached scsi generic sg0 type 0
[   10.052480] random: systemd-udevd: uninitialized urandom read (16 bytes read)
[   10.094298] sd 2:0:1:0: Attached scsi generic sg1 type 0
[   10.094303] sd 2:0:0:0: [sda] 20971520 512-byte logical blocks: (10.7 GB/10.0 GiB)
[   10.125662] sd 2:0:1:0: [sdb] 20480 512-byte logical blocks: (10.5 MB/10.0 MiB)
[   10.241339] sd 2:0:0:0: [sda] Write Protect is off
[   10.242026] sd 2:0:1:0: [sdb] Write Protect is off
[   10.383983] sd 2:0:0:0: [sda] Incomplete mode parameter data
[   10.384565] sd 2:0:1:0: [sdb] Incomplete mode parameter data
[   10.443884] sd 2:0:0:0: [sda] Assuming drive cache: write through
[   10.514845] sd 2:0:1:0: [sdb] Assuming drive cache: write through
[   10.583395]  sda: sda1
[   10.590702] sd 2:0:1:0: [sdb] Attached SCSI disk
[   10.614986] sd 2:0:0:0: [sda] Attached SCSI disk
Begin: Loading essential drivers ... [   16.724103] raid6: sse2x1   gen()  7463 MB/s
[   16.796168] raid6: sse2x1   xor()  6090 MB/s
[   16.869492] raid6: sse2x2   gen()  9650 MB/s
[   16.928062] raid6: sse2x2   xor()  6766 MB/s
[   16.996499] raid6: sse2x4   gen() 11172 MB/s
[   17.103027] raid6: sse2x4   xor()  6524 MB/s
[   17.135342] raid6: using algorithm sse2x4 gen() 11172 MB/s
[   17.178745] raid6: .... xor() 6524 MB/s, rmw enabled
[   17.205713] raid6: using ssse3x2 recovery algorithm
[   17.247404] xor: automatically using best checksumming function   avx       
[   17.307801] async_tx: api initialized (async)
done.
Begin: Running /scripts/init-premount ... done.
Begin: Mounting root file system ... Begin: Running /scripts/local-top ... done.
Begin: Running /scripts/local-premount ... [   17.522616] Btrfs loaded, crc32c=crc32c-intel
Scanning for Btrfs filesystems
done.
Warning: fsck no[   17.638933] EXT4-fs (sda1): mounted filesystem with ordered data mode. Opts: (null)
t present, so skipping root file system
done.
Begin: Running /scripts/local-bottom ... done.
Begin: Running /scripts/init-bottom ... done.
[   18.149083] ip_tables: (C) 2000-2006 Netfilter Core Team
[   18.194526] systemd[1]: systemd 237 running in system mode. (+PAM +AUDIT +SELINUX +IMA +APPARMOR +SMACK +SYSVINIT +UTMP +LIBCRYPTSETUP +GCRYPT +GNUTLS +ACL +XZ +LZ4 +SECCOMP +BLKID +ELFUTILS +KMOD -IDN2 +IDN -PCRE2 default-hierarchy=hybrid)
[   18.303862] systemd[1]: Detected virtualization oracle.
[   18.326543] systemd[1]: Detected architecture x86-64.

Welcome to [1mUbuntu 18.04.5 LTS[0m!

[   18.460735] systemd[1]: Set hostname to <ubuntu>.
[   18.542618] systemd[1]: Initializing machine ID from random generator.
[   18.645545] systemd[1]: Installed transient /etc/machine-id file.
[   19.294009] systemd[1]: Reached target System Time Synchronized.
[[0;32m  OK  [0m] Reached target System Time Synchronized.
[   19.402211] systemd[1]: Created slice System Slice.
[[0;32m  OK  [0m] Created slice System Slice.
[   19.453301] systemd[1]: Listening on Device-mapper event daemon FIFOs.
[[0;32m  OK  [0m] Listening on Device-mapper event daemon FIFOs.
[   19.553458] systemd[1]: Listening on Journal Socket.
[[0;32m  OK  [0m] Listening on Journal Socket.
[[0;32m  OK  [0m] Listening on Journal Socket (/dev/log).
[[0;32m  OK  [0m] Listening on /dev/initctl Compatibility Named Pipe.
[[0;32m  OK  [0m] Listening on udev Kernel Socket.
[[0;32m  OK  [0m] Started Forward Password Requests to Wall Directory Watch.
         Starting Uncomplicated firewall...
[[0;32m  OK  [0m] Reached target Swap.
[[0;32m  OK  [0m] Listening on udev Control Socket.
[[0;32m  OK  [0m] Listening on Network Service Netlink Socket.
         Starting Remount Root and Kernel File Systems...[   19.823933] EXT4-fs (sda1): re-mounted. Opts: (null)

[[0;32m  OK  [0m] Created slice system-serial\x2dgetty.slice.
[[0;32m  OK  [0m] Reached target User and Group Name Lookups.
         Mounting Kernel Debug File System...
[[0;32m  OK  [0m] Listening on LVM2 poll daemon socket.
[[0;32m  OK  [0m] Listening on LVM2 metadata daemon socket.
         Starting Monitoring of LVM2 mirrors…ng dmeventd or progress polling...
[[0;32m  OK  [0m] Set up automount Arbitrary Executab…rmats File System Automount Point.
         Mounting POSIX Message Queue File System...
         Starting Set the console keyboard layout...
[[0;32m  OK  [0m] Created slice User and Session Slice.
[[0;32m  OK  [0m] Reached target Slices.
[[0;32m  OK  [0m] Listening on Journal Audit Socket.
         Mounting Huge Pages File System...
[[0;32m  OK  [0m] Listening on Syslog Socket.
         Starting Journal Service...
         Starting udev Coldplug all Devices...
         Starting Create list of required st…ce nodes for the current kernel...
         Starting Load Kernel Modules...
[[0;32m  OK  [0m] Started Uncomplicated firewall.[   20.287484] Loading iSCSI transport class v2.0-870.

[[0;32m  OK  [0m] Started Remount Root and Kernel File Systems.
[[0;32m  OK  [0m] Mounted Kernel Debug File System.
[[0;32m  OK  [0m] Mounted POSIX Message Queue File System.
[[0;32m  OK  [0m] Mounted Huge Pages File System.
[[0;32m  OK  [0m] Started Journal Service.
[[0;32m  OK  [0m] Started Create list of required sta…vice nodes for the current[   20.435104] iscsi: registered transport (tcp)
 kernel.
[[0;32m  OK  [0m] Started udev Coldplug all Devices.
[[0;32m  OK  [0m] Started LVM2 metadata daemon.
         Starting Create Static Device Nodes in /dev...
         Starting Flush Journal to Persistent Storage...
         Starting Load/Save Random Seed...
[[0;32m  OK  [0m] Started Create Static Device Nodes in /dev.
         Starting udev Kernel Device Manager...
[   20.661623] systemd-journald[431]: Received request to flush runtime journal from PID 1
[   20.706831] random: crng init done
[   20.717066] random: 7 urandom warning(s) missed due to ratelimiting
[[0;32m  OK  [0m] Started Load/Save Random Seed.
[[0;32m  OK  [0m] Started Monitoring of LVM2 mirrors,…sing dmeventd or progress polling.
[[0;32m  OK  [0m] Started udev Kernel Device Manager.
[[0;32m  OK  [0m] Started Flush Journal to Persistent Storage.
[   20.976981] iscsi: registered transport (iser)
[[0;32m  OK  [0m] Started Load Kernel Modules.
         Mounting Kernel Configuration File System...
         Mounting FUSE Control File System...
         Starting Apply Kernel Variables...
[[0;32m  OK  [0m] Mounted Kernel Configuration File System.
[[0;32m  OK  [0m] Mounted FUSE Control File System.
[[0;32m  OK  [0m] Started Apply Kernel Variables.
[[0;32m  OK  [0m] Found device /dev/ttyS0.
[[0;32m  OK  [0m] Listening on Load/Save RF Kill Switch Status /dev/rfkill Watch.
[[0;32m  OK  [0m] Started Set the console keyboard layout.
[[0;32m  OK  [0m] Started Dispatch Password Requests to Console Directory Watch.
[[0;32m  OK  [0m] Reached target Local Encrypted Volumes.
[[0;32m  OK  [0m] Reached target Local File Systems (Pre).
[[0;32m  OK  [0m] Reached target Local File Systems.
         Starting ebtables ruleset management...
         Starting Create Volatile Files and Directories...
         Starting Set console font and keymap...
         Starting AppArmor initialization...
         Starting Tell Plymouth To Write Out Runtime Data...
         Starting Commit a transient machine-id on disk...
[[0;32m  OK  [0m] Started Create Volatile Files and Directories.
[[0;32m  OK  [0m] Started Set console font and keymap.
[[0;32m  OK  [0m] Started Tell Plymouth To Write Out Runtime Data.
         Starting Update UTMP about System Boot/Shutdown...
[[0;32m  OK  [0m] Started Commit a transient machine-id on disk.
[[0;32m  OK  [0m] Started Update UTMP about System Boot/Shutdown.
[[0;32m  OK  [0m] Started ebtables ruleset management.
[[0;32m  OK  [0m] Started AppArmor initialization.
         Starting Load AppArmor profiles managed internally by snapd...
         Starting Initial cloud-init job (pre-networking)...
[[0;32m  OK  [0m] Started Load AppArmor profiles managed internally by snapd.
[   26.300611] cloud-init[710]: Cloud-init v. 20.3-2-g371b392c-0ubuntu1~18.04.1 running 'init-local' at Mon, 04 Jan 2021 02:12:09 +0000. Up 25.73 seconds.
[[0;32m  OK  [0m] Started Initial cloud-init job (pre-networking).
[[0;32m  OK  [0m] Reached target Network (Pre).
         Starting Network Service...
[[0;32m  OK  [0m] Started Network Service.
         Starting Network Name Resolution...
         Starting Wait for Network to be Configured...
[[0;32m  OK  [0m] Started Network Name Resolution.
[[0;32m  OK  [0m] Reached target Host and Network Name Lookups.
[[0;32m  OK  [0m] Reached target Network.
[[0;32m  OK  [0m] Started Wait for Network to be Configured.
         Starting Initial cloud-init job (metadata service crawler)...
[   29.371968] cloud-init[837]: Cloud-init v. 20.3-2-g371b392c-0ubuntu1~18.04.1 running 'init' at Mon, 04 Jan 2021 02:12:12 +0000. Up 29.08 seconds.
[   29.409847] cloud-init[837]: ci-info: ++++++++++++++++++++++++++++++++++++++Net device info++++++++++++++++++++++++++++++++++++++
[   29.481487] cloud-init[837]: ci-info: +--------+------+----------------------------+---------------+--------+-------------------+
[   29.560428] cloud-init[837]: ci-info: | Device |  Up  |          Address           |      Mask     | Scope  |     Hw-Address    |
[   29.643108] cloud-init[837]: ci-info: +--------+------+----------------------------+---------------+--------+-------------------+
[   29.686128] cloud-init[837]: ci-info: | enp0s3 | True |         10.0.2.15          | 255.255.255.0 | global | 02:60:71:1d:34:36 |
[   29.729025] cloud-init[837]: ci-info: | enp0s3 | True | fe80::60:71ff:fe1d:3436/64 |       .       |  link  | 02:60:71:1d:34:36 |
[   29.818212] cloud-init[837]: ci-info: |   lo   | True |         127.0.0.1          |   255.0.0.0   |  host  |         .         |
[   29.871587] cloud-init[837]: ci-info: |   lo   | True |          ::1/128           |       .       |  host  |         .         |
[   29.915794] cloud-init[837]: ci-info: +--------+------+----------------------------+---------------+--------+-------------------+
[   29.995014] cloud-init[837]: ci-info: ++++++++++++++++++++++++++++Route IPv4 info+++++++++++++++++++++++++++++
[   30.027216] cloud-init[837]: ci-info: +-------+-------------+----------+-----------------+-----------+-------+
[   30.058450] cloud-init[837]: ci-info: | Route | Destination | Gateway  |     Genmask     | Interface | Flags |
[   30.090966] cloud-init[837]: ci-info: +-------+-------------+----------+-----------------+-----------+-------+
[   30.110372] cloud-init[837]: ci-info: |   0   |   0.0.0.0   | 10.0.2.2 |     0.0.0.0     |   enp0s3  |   UG  |
[   30.132048] cloud-init[837]: ci-info: |   1   |   10.0.2.0  | 0.0.0.0  |  255.255.255.0  |   enp0s3  |   U   |
[   30.151323] cloud-init[837]: ci-info: |   2   |   10.0.2.2  | 0.0.0.0  | 255.255.255.255 |   enp0s3  |   UH  |
[   30.191977] cloud-init[837]: ci-info: +-------+-------------+----------+-----------------+-----------+-------+
[   30.223482] cloud-init[837]: ci-info: +++++++++++++++++++Route IPv6 info+++++++++++++++++++
[   30.250825] cloud-init[837]: ci-info: +-------+-------------+---------+-----------+-------+
[   30.268437] cloud-init[837]: ci-info: | Route | Destination | Gateway | Interface | Flags |
[   30.295249] cloud-init[837]: ci-info: +-------+-------------+---------+-----------+-------+
[   30.311374] cloud-init[837]: ci-info: |   1   |  fe80::/64  |    ::   |   enp0s3  |   U   |
[   30.337131] cloud-init[837]: ci-info: |   3   |    local    |    ::   |   enp0s3  |   U   |
[   30.354090] cloud-init[837]: ci-info: |   4   |   ff00::/8  |    ::   |   enp0s3  |   U   |
[   30.370599] cloud-init[837]: ci-info: +-------+-------------+---------+-----------+-------+
[   31.240300] cloud-init[837]: Generating public/private rsa key pair.
[   31.260256] cloud-init[837]: Your identification has been saved in /etc/ssh/ssh_host_rsa_key.
[   31.307199] cloud-init[837]: Your public key has been saved in /etc/ssh/ssh_host_rsa_key.pub.[[0;32m  OK  [0m] Started Initial cloud-init job (metadata service crawler).
[   31.344043] cloud-init[837]: The key fingerprint is:
[   31.344697] cloud-init[837]: SHA256:p5DB++Ndse7SDTyOgEMcRHIo6WuADhfR5Gy81W788sE root@ubuntu-bionic
[   31.353299] cloud-init[837]: The key's randomart image is:
[   31.365729] cloud-init[837]: +---[RSA 2048]----+

[   31.365807] cloud-init[837]: |  .=o++          |
[   31.421010] cloud-init[837]: |  ++o+..         |
[   31.421247] cloud-init[837]: |.. o=.+..        |
[   31.421300] cloud-init[837]: |+ o. oo*         |
[   31.423590] cloud-init[837]: |oo ...+.S ...    |
[   31.437012] cloud-init[837]: | .o   o+.=  +o   |
[   31.442292] cloud-init[837]: | .     .=.E+o+   |
[[0;32m  OK  [0m] Reached target Cloud-config availability.
[[   31.442475] cloud-init[837]: |       . =o+o .  |
[   31.507297] cloud-init[837]: |        . ooo    |
[   31.514461] cloud-init[837]: +----[SHA256]-----+
[   31.523991] cloud-init[837]: Generating public/private dsa key pair.
[   31.527268] cloud-init[837]: Your identification has been saved in /etc/ssh/ssh_host_dsa_key.
[   31.532065] cloud-init[837]: Your public key has been saved in /etc/ssh/ssh_host_dsa_key.pub.
[   31.538829] cloud-init[837]: The key fingerprint is:
[   31.547893] cloud-init[837]: SHA256:6aYfyx+S1v5OKe/dRA/SfsacIsZOzcrq9J7bygoLUfY root@ubuntu-bionic
[   31.554539] cloud-init[837]: The key's randomart image is:
[   31.570975] cloud-init[837]: +---[DSA 1024]----+
[0;32m  OK  [0m] Reached target System Initialization.
[   31.571215] cloud-init[837]: |                 |
[   31.653581] cloud-init[837]: |                 |
         Starting LXD - unix socket.[   31.661995] cloud-init[837]: |       o         |
[   31.669150] cloud-init[837]: |      o ..   .   |
[   31.676426] cloud-init[837]: |     .  SE  . o .|
[   31.678759] cloud-init[837]: |      .. o. o+ =o|
[   31.687534] cloud-init[837]: |     . .B.+=o+..B|

[   31.693946] cloud-init[837]: |      .=+=B==..= |
[[   31.722443] cloud-init[837]: |      .o==*#B.. .|
[   31.724103] cloud-init[837]: +----[SHA256]-----+
[   31.731328] cloud-init[837]: Generating public/private ecdsa key pair.
[   31.735622] cloud-init[837]: Your identification has been saved in /etc/ssh/ssh_host_ecdsa_key.
[   31.740068] cloud-init[837]: Your public key has been saved in /etc/ssh/ssh_host_ecdsa_key.pub.
[   31.744912] cloud-init[837]: The key fingerprint is:
[   31.747543] cloud-init[837]: SHA256:W670nmathzJ+qd+ZEuhVkG4ohGSU5TTSfh8I/98mxRE root@ubuntu-bionic
[0;32m  OK  [0m] Listening on D-Bus System Message Bus Socket.
[   31.755018] cloud-init[837]: The key's randomart image is:
[[   31.884270] cloud-init[837]: +---[ECDSA 256]---+
[   31.885554] cloud-init[837]: |   o==+    .     |
[   31.892883] cloud-init[837]: |   .o++.  o   E  |
[   31.897015] cloud-init[837]: |     o.o + .   . |
[   31.904346] cloud-init[837]: |      o = + . .  |
[   31.906599] cloud-init[837]: |       oS=.o . . |
[   31.906676] cloud-init[837]: |        .+=   o  |
[0;32m  OK  [0m] Started Daily apt download activities.
[   31.908974] cloud-init[837]: |       .o..* o   |
[[   32.043833] cloud-init[837]: |       .+oBo=oo  |
[   32.045911] cloud-init[837]: |       .+X*++o   |
[   32.051673] cloud-init[837]: +----[SHA256]-----+
[   32.058286] [0;32m  OK  [0m] Started ACPI Events Check.
[[0;32m  OK  [0m] Reached target Paths.
[[0;32m  OK  [0m] Started Message of the Day.
[[0;32m  OK  [0m] Listening on UUID daemon activation socket.
[[0;32m  OK  [0m] Started Discard unused blocks once a week.
[[0;32m  OK  [0m] Started Daily Cleanup of Temporary Directories.
[[0;32m  OK  [0m] Listening on ACPID Listen Socket.
[[0;32m  OK  [0m] Listening on Open-iSCSI iscsid Socket.
         Starting Socket activation for snappy daemon.
[[0;32m  OK  [0m] Started Daily apt upgrade and clean activities.
[[0;32m  OK  [0m] Reached target Timers.
[[0;32m  OK  [0m] Reached target Network is Online.
cloud-init[837]: Generating public/private ed25519 key pair.
[   32.228347] cloud-init[[0;32m  OK  [0m] Reached target Remote File Systems (Pre).
[[837]: Your identification has been saved in /etc/ssh/ssh_host_ed25519_key.
[0;32m  OK  [0m] Reached target Remote File Systems.
[   32.289497]          Starting Availability of block devices...
[[0;32m  OK  [0m] Listening on LXD - unix socket.
[[0;32m  OK  [0m] Listening on Socket activation for snappy daemon.
[[0;32m  OK  [0m] Started Availability of block devices.
[[0;32m  OK  [0m] Reached target Sockets.
[[0;32m  OK  [0m] Reached target Basic System.
cloud-init[837]: Your public key has been saved in /etc/ssh/ssh_host_ed25519_key.pub.
[   32.382064] cloud-init         Starting LXD - container startup/shutdown...
         Starting LSB: automatic crash report generation...
[837]:          Starting Login Service...
[[0;32m  OK  [0m] Started D-Bus System Message Bus.
The key fingerprint is:
[   32.438112] cloud-init[837]: SHA256:0tpbhWKfCvEMZpQlRRtjPJdbMiCSuQ32ZeKXR8nYWGQ root@ubuntu-bionic
[   32.479341] cloud-init[837]: The key's randomart image is:
[   32.499624] cloud-init[837]: +--[ED25519 256]--+
[   32.517986] cloud-init         Starting LSB: Record successful boot for GRUB...
[837]: |    .oo+OOEo     |
[   32.540932] cloud-init[837]: |    =..*B=X .    |
[   32.551669] cloud-init[837]: |   . *o+.= =     |
[   32.581047] cloud-init[837]: |    ..+.o o.     |
[   32.598704] cloud-init[837]: |      *.S.. .    |
[   32.621138] cloud-init[837]: |     o X o o     |
[   32.630426] cloud-init[837]: |      o + +      |
         Starting Pollinate to seed the pseudo random number generator...
[   32.654884] cloud-init[837]: |       . +       |
         Starting Accounts Service...
[   32.727576] cloud-init[837]: |        o        |
[   32.745657] cloud-init[837]: +----[SHA256]-----+
[[0;32m  OK  [0m] Started Regular background program processing daemon.
         Starting System Logging Service...
[[0;32m  OK  [0m] Started irqbalance daemon.
         Starting Virtualbox guest utils...
         Starting Permit User Sessions...
[[0;32m  OK  [0m] Started Deferred execution scheduler.
[[0;32m  OK  [0m] Started FUSE filesystem for LXC.
         Starting Snap Daemon...
         Starting Dispatcher daemon for systemd-networkd...
[[0;32m  OK  [0m] Started System Logging Service.
[[0;32m  OK  [0m] Started LXD - container startup/shutdown.
[[0;32m  OK  [0m] Started Permit User Sessions.
[[0;32m  OK  [0m] Started Login Service.
         Starting Authorization Manager...
[[0;32m  OK  [0m] Started Unattended Upgrades Shutdown.
         Starting Terminate Plymouth Boot Screen...
         Starting Hold until boot process finishes up...
[[0;32m  OK  [0m] Started LSB: automatic crash report generation.
[[0;32m  OK  [0m] Started LSB: Record successful boot for GRUB.
[[0;32m  OK  [0m] Started Terminate Plymouth Boot Screen.
[[0;32m  OK  [0m] Started Hold until boot process finishes up.
[[0;32m  OK  [0m] Started Authorization Manager.
[[0;32m  OK  [0m] Started Accounts Service.
[[0;32m  OK  [0m] Started Serial Getty on ttyS0.
         Starting Set console scheme...
[[0;32m  OK  [0m] Started Virtualbox guest utils.
[[0;32m  OK  [0m] Started Set console scheme.
[[0;32m  OK  [0m] Created slice system-getty.slice.
[[0;32m  OK  [0m] Started Getty on tty1.
[[0;32m  OK  [0m] Reached target Login Prompts.
[[0;32m  OK  [0m] Started Dispatcher daemon for systemd-networkd.
[[0;32m  OK  [0m] Started Snap Daemon.
         Starting Wait until snapd is fully seeded...
[[0;32m  OK  [0m] Started Pollinate to seed the pseudo random number generator.
         Starting OpenBSD Secure Shell server...
[[0;32m  OK  [0m] Started OpenBSD Secure Shell server.
[[0;32m  OK  [0m] Created slice User Slice of vagrant.
         Starting User Manager for UID 1000...
[[0;32m  OK  [0m] Started Session 1 of user vagrant.
[[0;32m  OK  [0m] Started User Manager for UID 1000.
[[0;32m  OK  [0m] Started Wait until snapd is fully seeded.
         Starting Apply the settings specified in cloud-config...
[[0;32m  OK  [0m] Reached target Multi-User System.
[[0;32m  OK  [0m] Reached target Graphical Interface.
         Starting Update UTMP about System Runlevel Changes...
[[0;32m  OK  [0m] Started Update UTMP about System Runlevel Changes.

Ubuntu 18.04.5 LTS ubuntu-bionic ttyS0

ubuntu-bionic login: [   41.135586] cloud-init[1498]: Cloud-init v. 20.3-2-g371b392c-0ubuntu1~18.04.1 running 'modules:config' at Mon, 04 Jan 2021 02:12:23 +0000. Up 40.02 seconds.
ci-info: no authorized SSH keys fingerprints found for user ubuntu.
<14>Jan  4 02:12:26 ec2: 
<14>Jan  4 02:12:26 ec2: #############################################################
<14>Jan  4 02:12:26 ec2: -----BEGIN SSH HOST KEY FINGERPRINTS-----
<14>Jan  4 02:12:26 ec2: 1024 SHA256:6aYfyx+S1v5OKe/dRA/SfsacIsZOzcrq9J7bygoLUfY root@ubuntu-bionic (DSA)
<14>Jan  4 02:12:26 ec2: 256 SHA256:W670nmathzJ+qd+ZEuhVkG4ohGSU5TTSfh8I/98mxRE root@ubuntu-bionic (ECDSA)
<14>Jan  4 02:12:26 ec2: 256 SHA256:0tpbhWKfCvEMZpQlRRtjPJdbMiCSuQ32ZeKXR8nYWGQ root@ubuntu-bionic (ED25519)
<14>Jan  4 02:12:26 ec2: 2048 SHA256:p5DB++Ndse7SDTyOgEMcRHIo6WuADhfR5Gy81W788sE root@ubuntu-bionic (RSA)
<14>Jan  4 02:12:26 ec2: -----END SSH HOST KEY FINGERPRINTS-----
<14>Jan  4 02:12:26 ec2: #############################################################
-----BEGIN SSH HOST KEY KEYS-----
ecdsa-sha2-nistp256 AAAAE2VjZHNhLXNoYTItbmlzdHAyNTYAAAAIbmlzdHAyNTYAAABBBKh3CYVOhQoHKv3Z8DRYpWKpzn0On9itk7F7rxgKgR4DlvAEAiLYb8C7MA+AnLwxrvIf4ZZZfZr8wZLUzsV3PMg= root@ubuntu-bionic
ssh-ed25519 AAAAC3NzaC1lZDI1NTE5AAAAIHfCDIqXvKkdbCN+GJL/IrUEz6yQxfdjOyNZ6PGzkGqq root@ubuntu-bionic
ssh-rsa AAAAB3NzaC1yc2EAAAADAQABAAABAQDl4sluxiTMPy7O5lZZdOshephxZGbdXXhAfrp0eVXswJb/JWGBMN+AVKhbnOsmcBFOt9IuctlG3WYdOZLaag0yfWHKJYr01k95BxieoFlZn9oJyzca+6LeZXV3p7/5g8avVo21vQ9C26w6GYwwc2oSphqVj75gsyRO9Xqrn2/kA5dp95P00Ixo5BZXTpLmVSt1uRxZod8VgwoTGB94OPjsabAZZOMTDl0sVQxvtofQeshOLDG12pQZhq1umgHh8XGY945uecRisovNjHn5IEWEj4geAJlBk2qkHFo0hghftKRsLfnIVZ+3y6IcvaV2YSD72J625RgopVr/cri+4Hp/ root@ubuntu-bionic
-----END SSH HOST KEY KEYS-----
[   42.406713] cloud-init[1635]: Cloud-init v. 20.3-2-g371b392c-0ubuntu1~18.04.1 running 'modules:final' at Mon, 04 Jan 2021 02:12:26 +0000. Up 42.13 seconds.
[   42.406841] cloud-init[1635]: ci-info: no authorized SSH keys fingerprints found for user ubuntu.
[   42.406933] cloud-init[1635]: Cloud-init v. 20.3-2-g371b392c-0ubuntu1~18.04.1 finished at Mon, 04 Jan 2021 02:12:26 +0000. Datasource DataSourceNoCloud [seed=/dev/sdb][dsmode=net].  Up 42.39 seconds
