[    0.000000] Initializing cgroup subsys cpuset
[    0.000000] Initializing cgroup subsys cpu
[    0.000000] Initializing cgroup subsys cpuacct
[    0.000000] Linux version 4.4.0-197-generic (buildd@lcy01-amd64-026) (gcc version 5.4.0 20160609 (Ubuntu 5.4.0-6ubuntu1~16.04.12) ) #229-Ubuntu SMP Wed Nov 25 11:05:42 UTC 2020 (Ubuntu 4.4.0-197.229-generic 4.4.241)
[    0.000000] Command line: BOOT_IMAGE=/boot/vmlinuz-4.4.0-197-generic root=LABEL=cloudimg-rootfs ro console=tty1 console=ttyS0
[    0.000000] KERNEL supported cpus:
[    0.000000]   Intel GenuineIntel
[    0.000000]   AMD AuthenticAMD
[    0.000000]   Centaur CentaurHauls
[    0.000000] x86/fpu: xstate_offset[2]:  576, xstate_sizes[2]:  256
[    0.000000] x86/fpu: Supporting XSAVE feature 0x01: 'x87 floating point registers'
[    0.000000] x86/fpu: Supporting XSAVE feature 0x02: 'SSE registers'
[    0.000000] x86/fpu: Supporting XSAVE feature 0x04: 'AVX registers'
[    0.000000] x86/fpu: Enabled xstate features 0x7, context size is 832 bytes, using 'standard' format.
[    0.000000] e820: BIOS-provided physical RAM map:
[    0.000000] BIOS-e820: [mem 0x0000000000000000-0x000000000009fbff] usable
[    0.000000] BIOS-e820: [mem 0x000000000009fc00-0x000000000009ffff] reserved
[    0.000000] BIOS-e820: [mem 0x00000000000f0000-0x00000000000fffff] reserved
[    0.000000] BIOS-e820: [mem 0x0000000000100000-0x000000003ffeffff] usable
[    0.000000] BIOS-e820: [mem 0x000000003fff0000-0x000000003fffffff] ACPI data
[    0.000000] BIOS-e820: [mem 0x00000000fec00000-0x00000000fec00fff] reserved
[    0.000000] BIOS-e820: [mem 0x00000000fee00000-0x00000000fee00fff] reserved
[    0.000000] BIOS-e820: [mem 0x00000000fffc0000-0x00000000ffffffff] reserved
[    0.000000] NX (Execute Disable) protection: active
[    0.000000] SMBIOS 2.5 present.
[    0.000000] Hypervisor detected: KVM
[    0.000000] e820: last_pfn = 0x3fff0 max_arch_pfn = 0x400000000
[    0.000000] MTRR: Disabled
[    0.000000] x86/PAT: MTRRs disabled, skipping PAT initialization too.
[    0.000000] CPU MTRRs all blank - virtualized system.
[    0.000000] x86/PAT: Configuration [0-7]: WB  WT  UC- UC  WB  WT  UC- UC  
[    0.000000] found SMP MP-table at [mem 0x0009fff0-0x0009ffff] mapped at [ffff88000009fff0]
[    0.000000] Scanning 1 areas for low memory corruption
[    0.000000] RAMDISK: [mem 0x362de000-0x37166fff]
[    0.000000] ACPI: Early table checksum verification disabled
[    0.000000] ACPI: RSDP 0x00000000000E0000 000024 (v02 VBOX  )
[    0.000000] ACPI: XSDT 0x000000003FFF0030 00003C (v01 VBOX   VBOXXSDT 00000001 ASL  00000061)
[    0.000000] ACPI: FACP 0x000000003FFF00F0 0000F4 (v04 VBOX   VBOXFACP 00000001 ASL  00000061)
[    0.000000] ACPI: DSDT 0x000000003FFF0470 0021FF (v02 VBOX   VBOXBIOS 00000002 INTL 20180105)
[    0.000000] ACPI: FACS 0x000000003FFF0200 000040
[    0.000000] ACPI: FACS 0x000000003FFF0200 000040
[    0.000000] ACPI: APIC 0x000000003FFF0240 00005C (v02 VBOX   VBOXAPIC 00000001 ASL  00000061)
[    0.000000] ACPI: SSDT 0x000000003FFF02A0 0001CC (v01 VBOX   VBOXCPUT 00000002 INTL 20180105)
[    0.000000] No NUMA configuration found
[    0.000000] Faking a node at [mem 0x0000000000000000-0x000000003ffeffff]
[    0.000000] NODE_DATA(0) allocated [mem 0x3ffeb000-0x3ffeffff]
[    0.000000] kvm-clock: Using msrs 4b564d01 and 4b564d00
[    0.000000] kvm-clock: cpu 0, msr 0:3ffe3001, primary cpu clock
[    0.000000] kvm-clock: using sched offset of 9185544099 cycles
[    0.000000] clocksource: kvm-clock: mask: 0xffffffffffffffff max_cycles: 0x1cd42e4dffb, max_idle_ns: 881590591483 ns
[    0.000000] Zone ranges:
[    0.000000]   DMA      [mem 0x0000000000001000-0x0000000000ffffff]
[    0.000000]   DMA32    [mem 0x0000000001000000-0x000000003ffeffff]
[    0.000000]   Normal   empty
[    0.000000]   Device   empty
[    0.000000] Movable zone start for each node
[    0.000000] Early memory node ranges
[    0.000000]   node   0: [mem 0x0000000000001000-0x000000000009efff]
[    0.000000]   node   0: [mem 0x0000000000100000-0x000000003ffeffff]
[    0.000000] Initmem setup node 0 [mem 0x0000000000001000-0x000000003ffeffff]
[    0.000000] ACPI: PM-Timer IO Port: 0x4008
[    0.000000] IOAPIC[0]: apic_id 2, version 32, address 0xfec00000, GSI 0-23
[    0.000000] ACPI: INT_SRC_OVR (bus 0 bus_irq 0 global_irq 2 dfl dfl)
[    0.000000] ACPI: INT_SRC_OVR (bus 0 bus_irq 9 global_irq 9 low level)
[    0.000000] Using ACPI (MADT) for SMP configuration information
[    0.000000] smpboot: Allowing 2 CPUs, 0 hotplug CPUs
[    0.000000] PM: Registered nosave memory: [mem 0x00000000-0x00000fff]
[    0.000000] PM: Registered nosave memory: [mem 0x0009f000-0x0009ffff]
[    0.000000] PM: Registered nosave memory: [mem 0x000a0000-0x000effff]
[    0.000000] PM: Registered nosave memory: [mem 0x000f0000-0x000fffff]
[    0.000000] e820: [mem 0x40000000-0xfebfffff] available for PCI devices
[    0.000000] Booting paravirtualized kernel on KVM
[    0.000000] clocksource: refined-jiffies: mask: 0xffffffff max_cycles: 0xffffffff, max_idle_ns: 7645519600211568 ns
[    0.000000] setup_percpu: NR_CPUS:512 nr_cpumask_bits:512 nr_cpu_ids:2 nr_node_ids:1
[    0.000000] PERCPU: Embedded 33 pages/cpu @ffff88003fc00000 s95512 r8192 d31464 u1048576
[    0.000000] Built 1 zonelists in Node order, mobility grouping on.  Total pages: 257912
[    0.000000] Policy zone: DMA32
[    0.000000] Kernel command line: BOOT_IMAGE=/boot/vmlinuz-4.4.0-197-generic root=LABEL=cloudimg-rootfs ro console=tty1 console=ttyS0
[    0.000000] PID hash table entries: 4096 (order: 3, 32768 bytes)
[    0.000000] Memory: 997652K/1048120K available (8637K kernel code, 1347K rwdata, 4032K rodata, 1492K init, 1296K bss, 50468K reserved, 0K cma-reserved)
[    0.000000] SLUB: HWalign=64, Order=0-3, MinObjects=0, CPUs=2, Nodes=1
[    0.000000] Kernel/User page tables isolation: enabled
[    0.000000] Hierarchical RCU implementation.
[    0.000000] 	Build-time adjustment of leaf fanout to 64.
[    0.000000] 	RCU restricting CPUs from NR_CPUS=512 to nr_cpu_ids=2.
[    0.000000] RCU: Adjusting geometry for rcu_fanout_leaf=64, nr_cpu_ids=2
[    0.000000] NR_IRQS:33024 nr_irqs:440 16
[    0.000000] Console: colour VGA+ 80x25
[    0.000000] console [tty1] enabled
[    0.000000] console [ttyS0] enabled
[    0.000000] tsc: Detected 2693.934 MHz processor
[    2.087303] Calibrating delay loop (skipped) preset value.. 5387.86 BogoMIPS (lpj=10775736)
[    2.111888] pid_max: default: 32768 minimum: 301
[    2.125464] ACPI: Core revision 20150930
[    2.138404] ACPI: 2 ACPI AML tables successfully acquired and loaded
[    2.193770] Security Framework initialized
[    2.207221] Yama: becoming mindful.
[    2.225127] AppArmor: AppArmor initialized
[    2.244278] Dentry cache hash table entries: 131072 (order: 8, 1048576 bytes)
[    2.277465] Inode-cache hash table entries: 65536 (order: 7, 524288 bytes)
[    2.313330] Mount-cache hash table entries: 2048 (order: 2, 16384 bytes)
[    2.336348] Mountpoint-cache hash table entries: 2048 (order: 2, 16384 bytes)
[    2.367106] Initializing cgroup subsys io
[    2.385223] Initializing cgroup subsys memory
[    2.402797] Initializing cgroup subsys devices
[    2.422176] Initializing cgroup subsys freezer
[    2.439854] Initializing cgroup subsys net_cls
[    2.453356] Initializing cgroup subsys perf_event
[    2.482587] Initializing cgroup subsys net_prio
[    2.496394] Initializing cgroup subsys hugetlb
[    2.515102] Initializing cgroup subsys pids
[    2.533455] mce: CPU supports 0 MCE banks
[    2.548698] Last level iTLB entries: 4KB 512, 2MB 8, 4MB 8
[    2.573917] Last level dTLB entries: 4KB 512, 2MB 32, 4MB 32, 1GB 0
[    2.594788] Spectre V1 : Mitigation: usercopy/swapgs barriers and __user pointer sanitization
[    2.635700] Spectre V2 : Mitigation: Full generic retpoline
[    2.653558] Spectre V2 : Spectre v2 / SpectreRSB mitigation: Filling RSB on context switch
[    2.677998] Speculative Store Bypass: Vulnerable
[    2.695053] SRBDS: Unknown: Dependent on hypervisor status
[    2.711194] MDS: Mitigation: Clear CPU buffers
[    2.748968] Freeing SMP alternatives memory: 36K
[    2.812433] ftrace: allocating 32346 entries in 127 pages
[    3.207628] smpboot: APIC(0) Converting physical 0 to logical package 0
[    3.236147] smpboot: Max logical packages: 1
[    3.256840] x2apic enabled
[    3.269535] Switched APIC routing to physical x2apic.
[    3.299865] ..TIMER: vector=0x30 apic1=0 pin1=2 apic2=-1 pin2=-1
[    3.424171] APIC calibration not consistent with PM-Timer: 102ms instead of 100ms
[    3.447599] APIC delta adjusted to PM-Timer: 6317683 (6482476)
[    3.467908] smpboot: CPU0: Intel(R) Core(TM) i7-3820QM CPU @ 2.70GHz (family: 0x6, model: 0x3a, stepping: 0x9)
[    3.537130] Performance Events: unsupported p6 CPU model 58 no PMU driver, software events only.
[    3.658734] KVM setup paravirtual spinlock
[    3.702709] x86: Booting SMP configuration:
[    3.716246] .... node  #0, CPUs:      #1
[    3.730299] kvm-clock: cpu 1, msr 0:3ffe3041, secondary cpu clock
[    3.743682] mce: CPU supports 0 MCE banks
[    3.753970] x86: Booted up 1 node, 2 CPUs
[    3.769464] smpboot: Total of 2 processors activated (10775.73 BogoMIPS)
[    3.798988] devtmpfs: initialized
[    3.816421] evm: security.selinux
[    3.828089] evm: security.SMACK64
[    3.839194] evm: security.SMACK64EXEC
[    3.864366] evm: security.SMACK64TRANSMUTE
[    3.876976] evm: security.SMACK64MMAP
[    3.888606] evm: security.ima
[    3.902753] evm: security.capability
[    3.923726] clocksource: jiffies: mask: 0xffffffff max_cycles: 0xffffffff, max_idle_ns: 7645041785100000 ns
[    3.953465] futex hash table entries: 512 (order: 3, 32768 bytes)
[    3.971568] pinctrl core: initialized pinctrl subsystem
[    3.987456] RTC time:  1:14:47, date: 01/04/21
[    4.035399] NET: Registered protocol family 16
[    4.067454] cpuidle: using governor ladder
[    4.087254] cpuidle: using governor menu
[    4.118317] PCCT header not found.
[    4.129235] ACPI: bus type PCI registered
[    4.142123] acpiphp: ACPI Hot Plug PCI Controller Driver version: 0.5
[    4.159693] PCI: Using configuration type 1 for base access
[    4.211557] ACPI: Added _OSI(Module Device)
[    4.223954] ACPI: Added _OSI(Processor Device)
[    4.237034] ACPI: Added _OSI(3.0 _SCP Extensions)
[    4.251293] ACPI: Added _OSI(Processor Aggregator Device)
[    4.269428] ACPI: Executed 1 blocks of module-level executable AML code
[    4.294583] ACPI: Interpreter enabled
[    4.305735] ACPI: (supports S0 S5)
[    4.316659] ACPI: Using IOAPIC for interrupt routing
[    4.330969] PCI: Using host bridge windows from ACPI; if necessary, use "pci=nocrs" and report a bug
[    4.371136] ACPI: PCI Root Bridge [PCI0] (domain 0000 [bus 00-ff])
[    4.388184] acpi PNP0A03:00: _OSC: OS supports [ASPM ClockPM Segments MSI]
[    4.406611] acpi PNP0A03:00: _OSC: not requesting OS control; OS requires [ExtendedConfig ASPM ClockPM MSI]
[    4.432504] acpi PNP0A03:00: fail to add MMCONFIG information, can't access extended PCI configuration space under this bridge.
[    4.464315] PCI host bridge to bus 0000:00
[    4.482180] pci_bus 0000:00: root bus resource [io  0x0000-0x0cf7 window]
[    4.499894] pci_bus 0000:00: root bus resource [io  0x0d00-0xffff window]
[    4.517649] pci_bus 0000:00: root bus resource [mem 0x000a0000-0x000bffff window]
[    4.546631] pci_bus 0000:00: root bus resource [mem 0x40000000-0xfdffffff window]
[    4.568047] pci_bus 0000:00: root bus resource [bus 00-ff]
[    4.734454] pci 0000:00:01.1: legacy IDE quirk: reg 0x10: [io  0x01f0-0x01f7]
[    4.770155] pci 0000:00:01.1: legacy IDE quirk: reg 0x14: [io  0x03f6]
[    4.823737] pci 0000:00:01.1: legacy IDE quirk: reg 0x18: [io  0x0170-0x0177]
[    4.850695] pci 0000:00:01.1: legacy IDE quirk: reg 0x1c: [io  0x0376]
[    5.112489] pci 0000:00:07.0: quirk: [io  0x4000-0x403f] claimed by PIIX4 ACPI
[    5.136511] pci 0000:00:07.0: quirk: [io  0x4100-0x410f] claimed by PIIX4 SMB
[    5.225323] ACPI: PCI Interrupt Link [LNKA] (IRQs 5 9 10 *11)
[    5.251117] ACPI: PCI Interrupt Link [LNKB] (IRQs 5 9 *10 11)
[    5.276642] ACPI: PCI Interrupt Link [LNKC] (IRQs 5 *9 10 11)
[    5.301037] ACPI: PCI Interrupt Link [LNKD] (IRQs 5 9 10 *11)
[    5.325604] ACPI: Enabled 2 GPEs in block 00 to 07
[    5.344919] vgaarb: setting as boot device: PCI:0000:00:02.0
[    5.360391] vgaarb: device added: PCI:0000:00:02.0,decodes=io+mem,owns=io+mem,locks=none
[    5.383606] vgaarb: loaded
[    5.393546] vgaarb: bridge control possible 0000:00:02.0
[    5.424821] SCSI subsystem initialized
[    5.437893] ACPI: bus type USB registered
[    5.450354] usbcore: registered new interface driver usbfs
[    5.465459] usbcore: registered new interface driver hub
[    5.481711] usbcore: registered new device driver usb
[    5.498039] PCI: Using ACPI for IRQ routing
[    5.518888] NetLabel: Initializing
[    5.541191] NetLabel:  domain hash size = 128
[    5.555864] NetLabel:  protocols = UNLABELED CIPSOv4
[    5.569951] NetLabel:  unlabeled traffic allowed by default
[    5.586179] amd_nb: Cannot enumerate AMD northbridges
[    5.604174] clocksource: Switched to clocksource kvm-clock
[    5.652111] AppArmor: AppArmor Filesystem Enabled
[    5.666312] pnp: PnP ACPI init
[    5.682854] pnp: PnP ACPI: found 3 devices
[    5.703951] clocksource: acpi_pm: mask: 0xffffff max_cycles: 0xffffff, max_idle_ns: 2085701024 ns
[    5.744161] NET: Registered protocol family 2
[    5.758410] TCP established hash table entries: 8192 (order: 4, 65536 bytes)
[    5.777332] TCP bind hash table entries: 8192 (order: 5, 131072 bytes)
[    5.794747] TCP: Hash tables configured (established 8192 bind 8192)
[    5.811818] UDP hash table entries: 512 (order: 2, 16384 bytes)
[    5.828828] UDP-Lite hash table entries: 512 (order: 2, 16384 bytes)
[    5.847873] NET: Registered protocol family 1
[    5.861275] pci 0000:00:00.0: Limiting direct PCI/PCI transfers
[    5.878126] pci 0000:00:01.0: Activating ISA DMA hang workarounds
[    5.895950] Unpacking initramfs...
[    6.416451] Freeing initrd memory: 14884K
[    6.430156] RAPL PMU detected, API unit is 2^-32 Joules, 3 fixed counters 10737418240 ms ovfl timer
[    6.457477] hw unit of domain pp0-core 2^-0 Joules
[    6.472611] hw unit of domain package 2^-0 Joules
[    6.497565] hw unit of domain pp1-gpu 2^-0 Joules
[    6.522227] clocksource: tsc: mask: 0xffffffffffffffff max_cycles: 0x26d4dc37338, max_idle_ns: 440795237949 ns
[    6.550650] platform rtc_cmos: registered platform RTC device (no PNP device found)
[    6.574982] Scanning for low memory corruption every 60 seconds
[    6.593435] audit: initializing netlink subsys (disabled)
[    6.610548] audit: type=2000 audit(1609722896.339:1): initialized
[    6.628699] Initialise system trusted keyring
[    6.644452] HugeTLB registered 2 MB page size, pre-allocated 0 pages
[    6.679218] zbud: loaded
[    6.689584] VFS: Disk quotas dquot_6.6.0
[    6.702467] VFS: Dquot-cache hash table entries: 512 (order 0, 4096 bytes)
[    6.721866] squashfs: version 4.0 (2009/01/31) Phillip Lougher
[    6.740341] fuse init (API version 7.23)
[    6.752945] Key type big_key registered
[    6.765044] Allocating IMA MOK and blacklist keyrings.
[    6.789198] Key type asymmetric registered
[    6.801957] Asymmetric key parser 'x509' registered
[    6.816794] Block layer SCSI generic (bsg) driver version 0.4 loaded (major 249)
[    6.852715] io scheduler noop registered
[    6.871441] io scheduler deadline registered (default)
[    6.887213] io scheduler cfq registered
[    6.900800] pci_hotplug: PCI Hot Plug PCI Core version: 0.5
[    6.916740] pciehp: PCI Express Hot Plug Controller Driver version: 0.4
[    6.935415] ACPI: AC Adapter [AC] (on-line)
[    6.963546] input: Power Button as /devices/LNXSYSTM:00/LNXPWRBN:00/input/input0
[    6.992744] ACPI: Power Button [PWRF]
[    7.018849] input: Sleep Button as /devices/LNXSYSTM:00/LNXSLPBN:00/input/input1
[    7.057202] ACPI: Sleep Button [SLPF]
[    7.086957] GHES: HEST is not enabled!
[    7.191079] Serial: 8250/16550 driver, 32 ports, IRQ sharing enabled
[    7.299111] 00:02: ttyS0 at I/O 0x3f8 (irq = 4, base_baud = 115200) is a 16550A
[    7.396385] Linux agpgart interface v0.103
[    7.456367] loop: module loaded
[    7.503097] scsi host0: ata_piix
[    7.528610] scsi host1: ata_piix
[    7.562991] ata1: PATA max UDMA/33 cmd 0x1f0 ctl 0x3f6 bmdma 0xd000 irq 14
[    7.590079] ata2: PATA max UDMA/33 cmd 0x170 ctl 0x376 bmdma 0xd008 irq 15
[    7.647306] libphy: Fixed MDIO Bus: probed
[    7.685288] tun: Universal TUN/TAP device driver, 1.6
[    7.701620] tun: (C) 1999-2004 Max Krasnyansky <maxk@qualcomm.com>
[    7.720658] PPP generic driver version 2.4.2
[    7.735263] ehci_hcd: USB 2.0 'Enhanced' Host Controller (EHCI) Driver
[    7.755973] ehci-pci: EHCI PCI platform driver
[    7.770788] ehci-platform: EHCI generic platform driver
[    7.786856] ohci_hcd: USB 1.1 'Open' Host Controller (OHCI) Driver
[    7.805096] ohci-pci: OHCI PCI platform driver
[    7.853777] ohci-platform: OHCI generic platform driver
[    7.870697] uhci_hcd: USB Universal Host Controller Interface driver
[    7.888930] i8042: PNP: PS/2 Controller [PNP0303:PS2K,PNP0f03:PS2M] at 0x60,0x64 irq 1,12
[    7.956556] serio: i8042 KBD port at 0x60,0x64 irq 1
[    7.973493] serio: i8042 AUX port at 0x60,0x64 irq 12
[    7.988622] mousedev: PS/2 mouse device common for all mice
[    8.008825] rtc_cmos rtc_cmos: rtc core: registered rtc_cmos as rtc0
[    8.028749] input: AT Translated Set 2 keyboard as /devices/platform/i8042/serio0/input/input2
[    8.039143] rtc_cmos rtc_cmos: alarms up to one day, 114 bytes nvram
[    8.039159] i2c /dev entries driver
[    8.039412] device-mapper: uevent: version 1.0.3
[    8.073375] device-mapper: ioctl: 4.34.0-ioctl (2015-10-28) initialised: dm-devel@redhat.com
[    8.073403] ledtrig-cpu: registered to indicate activity on CPUs
[    8.074011] NET: Registered protocol family 10
[    8.074443] NET: Registered protocol family 17
[    8.074458] Key type dns_resolver registered
[    8.074865] registered taskstats version 1
[    8.074888] Loading compiled-in X.509 certificates
[    8.075555] Loaded X.509 cert 'Build time autogenerated kernel key: 34492021b4051d5295bb5f61ac4b8fe0de34ccb2'
[    8.075618] zswap: loaded using pool lzo/zbud
[    8.078369] Key type trusted registered
[    8.082210] Key type encrypted registered
[    8.082215] AppArmor: AppArmor sha1 policy hashing enabled
[    8.082223] ima: No TPM chip found, activating TPM-bypass!
[    8.082229] ima: Allocated hash algorithm: sha1
[    8.082252] evm: HMAC attrs: 0x1
[    8.084309]   Magic number: 5:538:204
[    8.091075] rtc_cmos rtc_cmos: setting system clock to 2021-01-04 01:14:51 UTC (1609722891)
[    8.091203] BIOS EDD facility v0.16 2004-Jun-25, 0 devices found
[    8.091203] EDD information not available.
[    8.560694] Freeing unused kernel memory: 1492K
[    8.584693] Write protecting the kernel read-only data: 14336k
[    8.607719] Freeing unused kernel memory: 1592K
[    8.621973] Freeing unused kernel memory: 64K
Loading, please wait...
starting version[    8.709548] random: udevadm: uninitialized urandom read (16 bytes read, 3 bits of entropy available)
 229
[    8.710524] random: systemd-udevd: uninitialized urandom read (16 bytes read, 3 bits of entropy available)
[    8.710649] random: systemd-udevd: uninitialized urandom read (16 bytes read, 3 bits of entropy available)
[    8.710667] random: systemd-udevd: uninitialized urandom read (16 bytes read, 3 bits of entropy available)
[    8.710688] random: systemd-udevd: uninitialized urandom read (16 bytes read, 3 bits of entropy available)
[    9.126220] random: udevadm: uninitialized urandom read (16 bytes read, 3 bits of entropy available)
[    9.165183] random: systemd-udevd: uninitialized urandom read (16 bytes read, 3 bits of entropy available)
[    9.171115] random: udevadm: uninitialized urandom read (16 bytes read, 3 bits of entropy available)
[    9.171164] random: udevadm: uninitialized urandom read (16 bytes read, 3 bits of entropy available)
[    9.171780] random: udevadm: uninitialized urandom read (16 bytes read, 3 bits of entropy available)
[    9.333821] e1000: Intel(R) PRO/1000 Network Driver - version 7.3.21-k8-NAPI
[    9.372072] e1000: Copyright (c) 1999-2006 Intel Corporation.
[    9.425072] Fusion MPT base driver 3.04.20
[    9.437956] Copyright (c) 1999-2008 LSI Corporation
[    9.513125] AVX version of gcm_enc/dec engaged.
[    9.527864] AES CTR mode by8 optimization enabled
[    9.560104] Fusion MPT SPI Host driver 3.04.20
[    9.746994] input: ImExPS/2 Generic Explorer Mouse as /devices/platform/i8042/serio1/input/input4
[   10.963750] e1000 0000:00:03.0 eth0: (PCI:33MHz:32-bit) 02:8b:9b:7c:43:4a
[   10.982243] e1000 0000:00:03.0 eth0: Intel(R) PRO/1000 Network Connection
[   11.010213] e1000 0000:00:03.0 enp0s3: renamed from eth0
[   11.039635] mptbase: ioc0: Initiating bringup
[   11.119492] ioc0: LSI53C1030 A0: Capabilities={Initiator}
[   11.320484] scsi host2: ioc0: LSI53C1030 A0, FwRev=00000000h, Ports=1, MaxQ=256, IRQ=20
[   11.482237] scsi 2:0:0:0: Direct-Access     VBOX     HARDDISK         1.0  PQ: 0 ANSI: 5
[   11.538277] scsi target2:0:0: Beginning Domain Validation
[   11.564938] scsi target2:0:0: Domain Validation skipping write tests
[   11.751190] scsi target2:0:0: Ending Domain Validation
[   11.767728] scsi target2:0:0: asynchronous
[   11.786278] scsi 2:0:1:0: Direct-Access     VBOX     HARDDISK         1.0  PQ: 0 ANSI: 5
[   11.812006] scsi target2:0:1: Beginning Domain Validation
[   11.840251] scsi target2:0:1: Domain Validation skipping write tests
[   11.878039] scsi target2:0:1: Ending Domain Validation
[   11.893357] scsi target2:0:1: asynchronous
[   11.965621] sd 2:0:0:0: Attached scsi generic sg0 type 0
[   11.981320] sd 2:0:0:0: [sda] 20971520 512-byte logical blocks: (10.7 GB/10.0 GiB)
[   12.004899] sd 2:0:1:0: Attached scsi generic sg1 type 0
[   12.005794] sd 2:0:1:0: [sdb] 20480 512-byte logical blocks: (10.5 MB/10.0 MiB)
[   12.006188] sd 2:0:0:0: [sda] Write Protect is off
[   12.006812] sd 2:0:1:0: [sdb] Write Protect is off
[   12.006881] sd 2:0:0:0: [sda] Incomplete mode parameter data
[   12.006883] sd 2:0:0:0: [sda] Assuming drive cache: write through
[   12.007661] sd 2:0:1:0: [sdb] Incomplete mode parameter data
[   12.007662] sd 2:0:1:0: [sdb] Assuming drive cache: write through
[   12.080184]  sda: sda1
[   12.082998] sd 2:0:1:0: [sdb] Attached SCSI disk
[   12.084574] sd 2:0:0:0: [sda] Attached SCSI disk
Begin: Loading essential drivers ... [   17.440644] md: linear personality registered for level -1
[   17.463489] md: multipath personality registered for level -4
[   17.485794] md: raid0 personality registered for level 0
[   17.520627] md: raid1 personality registered for level 1
[   17.624610] raid6: sse2x1   gen()  5793 MB/s
[   17.720655] raid6: sse2x1   xor()  4580 MB/s
[   17.816502] raid6: sse2x2   gen()  7427 MB/s
[   17.912306] raid6: sse2x2   xor()  6157 MB/s
[   17.992698] raid6: sse2x4   gen() 11811 MB/s
[   18.076522] raid6: sse2x4   xor()  8675 MB/s
[   18.092462] raid6: using algorithm sse2x4 gen() 11811 MB/s
[   18.113806] raid6: .... xor() 8675 MB/s, rmw enabled
[   18.129499] raid6: using ssse3x2 recovery algorithm
[   18.154707] xor: automatically using best checksumming function:
[   18.256721]    avx       : 47591.000 MB/sec
[   18.282198] async_tx: api initialized (async)
[   18.344644] md: raid6 personality registered for level 6
[   18.360942] md: raid5 personality registered for level 5
[   18.376814] md: raid4 personality registered for level 4
[   18.417321] md: raid10 personality registered for level 10
done.
Begin: Running /scripts/init-premount ... done.
Begin: Mounting root file system ... Begin: Running /scripts/local-top ... done.
Begin: Running /scripts/local-premount ... [   18.535598] Btrfs loaded
Scanning for Btrfs filesystems
done.
Warning: fsck not present, so sk[   19.109440] EXT4-fs (sda1): mounted filesystem with ordered data mode. Opts: (null)
ipping root file system
done.
Begin: Running /scripts/local-bottom ... done.
Begin: Running /scripts/init-bottom ... done.
[   19.509901] systemd[1]: systemd 229 running in system mode. (+PAM +AUDIT +SELINUX +IMA +APPARMOR +SMACK +SYSVINIT +UTMP +LIBCRYPTSETUP +GCRYPT +GNUTLS +ACL +XZ -LZ4 +SECCOMP +BLKID +ELFUTILS +KMOD -IDN)
[   19.571496] systemd[1]: Detected virtualization oracle.
[   19.588538] systemd[1]: Detected architecture x86-64.

Welcome to [1mUbuntu 16.04.7 LTS[0m!

[   19.622746] systemd[1]: Set hostname to <ubuntu>.
[   19.645145] systemd[1]: Initializing machine ID from random generator.
[   19.672760] systemd[1]: Installed transient /etc/machine-id file.
[   20.008761] systemd[1]: Listening on Journal Socket.
[[0;32m  OK  [0m] Listening on Journal Socket.
[   20.488733] systemd[1]: Listening on /dev/initctl Compatibility Named Pipe.
[[0;32m  OK  [0m] Listening on /dev/initctl Compatibility Named Pipe.
[   20.622505] systemd[1]: Listening on Journal Socket (/dev/log).
[[0;32m  OK  [0m] Listening on Journal Socket (/dev/log).
[   20.730266] systemd[1]: Listening on udev Kernel Socket.
[[0;32m  OK  [0m] Listening on udev Kernel Socket.
[   20.763405] systemd[1]: Listening on LVM2 metadata daemon socket.
[[0;32m  OK  [0m] Listening on LVM2 metadata daemon socket.
[   20.800032] systemd[1]: Started Trigger resolvconf update for networkd DNS.
[[0;32m  OK  [0m] Started Trigger resolvconf update for networkd DNS.
[   20.875853] systemd[1]: Listening on Syslog Socket.
[[0;32m  OK  [0m] Listening on Syslog Socket.
[   20.969105] systemd[1]: Listening on Journal Audit Socket.
[[0;32m  OK  [0m] Listening on Journal Audit Socket.
[   21.057677] systemd[1]: Reached target Encrypted Volumes.
[[0;32m  OK  [0m] Reached target Encrypted Volumes.
[   21.112225] systemd[1]: Set up automount Arbitrary Executable File Formats File System Automount Point.
[[0;32m  OK  [0m] Set up automount Arbitrary Executab...ats File System Automount Point.
[   21.165144] systemd[1]: Reached target User and Group Name Lookups.
[[0;32m  OK  [0m] Reached target User and Group Name Lookups.
[   21.203946] systemd[1]: Started Forward Password Requests to Wall Directory Watch.
[[0;32m  OK  [0m] Started Forward Password Requests to Wall Directory Watch.
[   21.264230] systemd[1]: Reached target Swap.
[[0;32m  OK  [0m] Reached target Swap.
[   21.566571] systemd[1]: Listening on LVM2 poll daemon socket.
[[0;32m  OK  [0m] Listening on LVM2 poll daemon socket.
[   21.768970] systemd[1]: Listening on udev Control Socket.
[[0;32m  OK  [0m] Listening on udev Control Socket.
[   22.277802] random: nonblocking pool is initialized
[   22.590297] systemd[1]: Created slice System Slice.
[[0;32m  OK  [0m] Created slice System Slice.
[   22.636449] systemd[1]: Starting Nameserver information manager...
         Starting Nameserver information manager...
[   22.693365] systemd[1]: Starting Journal Service...
         Starting Journal Service...
[   22.768701] systemd[1]: Starting Uncomplicated firewall...
         Starting Uncomplicated firewall...
[   22.818647] systemd[1]: Mounting Huge Pages File System...
         Mounting Huge Pages File System...
[   22.866310] systemd[1]: Mounting Debug File System...
         Mounting Debug File System...
[   22.929565] systemd[1]: Starting Remount Root and Kernel File Systems...
         Starting Remount Root and Kernel File Systems...
[   23.023627] systemd[1]: Starting Set console keymap...
         [   23.097275] EXT4-fs (sda1): re-mounted. Opts: (null)
Starting Set console keymap...
[   23.303819] systemd[1]: Starting Load Kernel Modules...
         Starting Load Ke[   23.363472] Loading iSCSI transport class v2.0-870.
rnel Modules...
[   23.434419] systemd[1]: Starting Create list of required static device nodes for the current kernel...
         Starting Create list of required st... nodes for the current ker[   23.528300] iscsi: registered transport (tcp)
nel...
[   23.554852] systemd[1]: Mounting POSIX Message Queue File System...
         Mounting POSIX Message Queue File System...
[   23.679777] systemd[1]: Created slice system-serial\x2dgetty.slice.
[[0;32m  OK  [0m] [   23.714822] iscsi: registered transport (iser)
Created slice system-serial\x2dgetty.slice.
[   23.758820] systemd[1]: Created slice User and Session Slice.
[[0;32m  OK  [0m] Created slice User and Session Slice.
[   23.804770] systemd[1]: Reached target Slices.
[[0;32m  OK  [0m] Reached target Slices.
[   23.851278] systemd[1]: Listening on Device-mapper event daemon FIFOs.
[[0;32m  OK  [0m] Listening on Device-mapper event daemon FIFOs.
[   23.916678] systemd[1]: Starting Monitoring of LVM2 mirrors, snapshots etc. using dmeventd or progress polling...
         Starting Monitoring of LVM2 mirrors... dmeventd or progress polling...
[   23.998365] systemd[1]: Reached target System Time Synchronized.
[[0;32m  OK  [0m] Reached target System Time Synchronized.
[   24.066138] systemd[1]: Mounted POSIX Message Queue File System.
[[0;32m  OK  [0m] Mounted POSIX Message Queue File System.
[   24.388430] systemd[1]: Mounted Debug File System.
[[0;32m  OK  [0m] Mounted Debug File System.
[   24.551848] systemd[1]: Mounted Huge Pages File System.
[[0;32m  OK  [0m] Mounted Huge Pages File System.
[   24.674492] systemd[1]: Started Journal Service.
[[0;32m  OK  [0m] Started Journal Service.
[[0;32m  OK  [0m] Started Uncomplicated firewall.
[[0;32m  OK  [0m] Started Remount Root and Kernel File Systems.
[[0;32m  OK  [0m] Started Set console keymap.
[[0;32m  OK  [0m] Started Load Kernel Modules.
[[0;32m  OK  [0m] Started Create list of required sta...ce nodes for the current kernel.
[[0;32m  OK  [0m] Started Nameserver information manager.
[[0;32m  OK  [0m] Started LVM2 metadata daemon.
         Starting Create Static Device Nodes in /dev...
         Mounting FUSE Control File System...
         Starting Apply Kernel Variables...
         Starting udev Coldplug all Devices...
         Starting Load/Save Random Seed...
         Starting Flush Journal to Persistent Storage...
[[0;32m  OK  [0m] Mounted FUSE Control File System.
[[0;32m  OK  [0m] Started Monitoring of LVM2 mirrors,...ng dmeventd or progress polling.
[[0;32m  OK  [0m] Started Create Static Device Nodes in /dev.
[[0;32m  OK  [0m] Started Apply Kernel Variables.
[[0;32m  OK  [0m] Started Load/Save Random Seed.
         Starting udev Kernel Device Manager...
[[0;32m  OK  [0m] Reached target Local File Systems (Pre).
[[0;32m  OK  [0m] Reached target Local File Systems.
         Starting LSB: AppArmor initialization...
         Starting Commit a transient machine-id on disk...
         Starting Tell Plymouth To Write Out Runtime Data...
         Starting Initial cloud-init job (pre-networking)...
         Starting Set console font and keymap...
[[0;32m  OK  [0m] Started udev Kernel Device Manager.
[[0;32m  OK  [0m] Started udev Coldplug all Devices.
[[0;32m  OK  [0m] Started Commit a transient machine-id on disk.
[[0;32m  OK  [0m] Started Tell Plymouth To Write Out Runtime Data.
[   26.162204] cloud-init[487]: Cloud-init v. 20.3-2-g371b392c-0ubuntu1~16.04.1 running 'init-local' at Mon, 04 Jan 2021 01:15:12 +0000. Up 25.39 seconds.
[[0;32m  OK  [0m] Started Initial cloud-init job (pre-networking).
[[0;32m  OK  [0m] Started Flush Journal to Persistent Storage.
[[0;32m  OK  [0m] Started LSB: AppArmor initialization.
[[0;32m  OK  [0m] Found device /dev/ttyS0.
[[0;32m  OK  [0m] Listening on Load/Save RF Kill Switch Status /dev/rfkill Watch.
         Starting Load AppArmor profiles managed internally by snapd...
         Starting Create Volatile Files and Directories...
[[0;32m  OK  [0m] Reached target Network (Pre).
         Starting Raise network interfaces...
[[0;32m  OK  [0m] Started Dispatch Password Requests to Console Directory Watch.
[[0;32m  OK  [0m] Started Set console font and keymap.
[[0;32m  OK  [0m] Started Load AppArmor profiles managed internally by snapd.
[[0;32m  OK  [0m] Started Create Volatile Files and Directories.
         Starting Update UTMP about System Boot/Shutdown...
[[0;32m  OK  [0m] Created slice system-getty.slice.
[[0;32m  OK  [0m] Started Update UTMP about System Boot/Shutdown.
[[0;32m  OK  [0m] Started Raise network interfaces.
[[0;32m  OK  [0m] Reached target Network.
         Starting Initial cloud-init job (metadata service crawler)...
[   39.284640] cloud-init[936]: Cloud-init v. 20.3-2-g371b392c-0ubuntu1~16.04.1 running 'init' at Mon, 04 Jan 2021 01:15:25 +0000. Up 38.22 seconds.
[   39.313017] cloud-init[936]: ci-info: ++++++++++++++++++++++++++++++++++++++Net device info++++++++++++++++++++++++++++++++++++++
[   39.361578] cloud-init[936]: ci-info: +--------+------+----------------------------+---------------+--------+-------------------+
[[0;32m  OK  [0m] Started Initial cloud-init job (metadata service crawler).
[[0;32m  OK  [0m[   39.411764] cloud-init] Reached target System Initialization.[936]: ci-info: | Device |  Up  |          Address           |      Mask     | Scope  |     Hw-Address    |
[[0;32m  OK  [0m] Listening on ACPID Listen Socket.
[[0;32m  OK  [0m] Listening on D-Bus System Message Bus Socket.

         Starting LXD - unix socket.
[[0;32m  OK  [0m] Started Daily Cleanup of Temporary Directories.
[[0;32m  OK  [0m] Started ACPI Events Check.
[[0;32m  OK  [0m] Reached target Paths.
[[0;32m  OK  [0m] Started Message of the Day.
[[0;32m  OK  [0m] Listening on UUID daemon activation socket.
         Starting Socket activation for snappy daemon.
[[0;32m  OK  [0m] Started Daily apt download activities.
[   39.489203] cloud-init[936]: ci-info: +--------+------+----------------------------+---------------+--------+-------------------+
[[0;32m  OK  [0m] Started Daily apt upgrade and clean activities.
[[0;32m  OK  [0m] Reached target Timers.
[   39.553874] [[0;32m  OK  [0m] Reached target Cloud-config availability.
[[0;32m  OK  [0m] Reached target Network is Online.
cloud-init[936]: ci-info: | enp0s3 | True |         10.0.2.15          | 255.255.255.0 | global | 02:8b:9b:7c:43:4a |
[   39.667377]          Starting iSCSI initiator daemon (iscsid)...
[[0;32m  OK  [0m] Listening on LXD - unix socket.
[cloud-init[0;32m  OK  [0m] Listening on Socket activation for snappy daemon.
[[0;32m  OK  [0m] Reached target Sockets.
[[936]: [0;32m  OK  [0mci-info: | enp0s3 | True | fe80::8b:9bff:fe7c:434a/64 |       .       |  link  | 02:8b:9b:7c:43:4a |] 
Reached target Basic System.
         Starting Accounts Service...
[   39.755004] cloud-init[936]: ci-info: |   lo   | True |         127.0.0.1          |   255.0.0.0   |  host  |         .         |
[   39.802259]          Starting Pollinate to seed the pseudo random number generator...
[[0;32m  OK  [0m] Started FUSE filesystem for LXC.
         Starting /etc/rc.local Compatibility...
cloud-init[936]: ci-info: |   lo   | True |          ::1/128           |       .       |  host  |         .         |
[   39.820133] cloud-init[936]: ci-info: +--------+------+----------------------------+---------------+--------+-------------------+
[   39.820227] cloud-init[936]: ci-info: +++++++++++++++++++++++++++Route IPv4 info++++++++++++++++++++++++++++
[   39.820280] cloud-init[936]: ci-info: +-------+-------------+----------+---------------+-----------+-------+
[   39.820342] cloud-init[936]: ci-info: | Route | Destination | Gateway  |    Genmask    | Interface | Flags |
[   39.820389] cloud-init[936]: ci-info: +-------+-------------+----------+---------------+-----------+-------+
[   39.820471] cloud-init[936]: ci-info: |   0   |   0.0.0.0   | 10.0.2.2 |    0.0.0.0    |   enp0s3  |   UG  |
[   39.820518] cloud-init[936]: ci-info: |   1   |   10.0.2.0  | 0.0.0.0  | 255.255.255.0 |   enp0s3  |   U   |
[   39.820572] cloud-init[936]: ci-info: +-------+-------------+----------+---------------+-----------+-------+
[   39.820618] cloud-init[936]: ci-info: +++++++++++++++++++Route IPv6 info+++++++++++++++++++
[   39.822809] cloud-init[936]: ci-info: +-------+-------------+---------+-----------+-------+
[   40.194918] cloud-init[936]: ci-info: | Route | Destination | Gateway | Interface | Flags |
         Starting LSB: Record successful boot for GRUB...
[   40.203614] cloud-init[936]: ci-info: +-------+-------------+---------+-----------+-------+
[   40.291014] cloud-init[936]: ci-info: |   0   |  fe80::/64  |    ::   |   enp0s3  |   U   |
[   40.297450] cloud-init[936]: ci-info: |   3   |   ff00::/8  |    ::   |   enp0s3  |   U   |
         Starting LSB: MD monitoring daemon...
[   40.297559] cloud-init[936]: ci-info: +-------+-------------+---------+-----------+-------+
[   40.390276]          Starting Virtualbox guest utils...
cloud-init[936]: Generating public/private rsa key pair.
[   40.417810] cloud-init[936]: Your identification has been saved in /etc/ssh/ssh_host_rsa_key.
         Starting System Logging Service...
[   40.450940] cloud-init[936]: Your public key has been saved in /etc/ssh/ssh_host_rsa_key.pub.
[   40.477687] cloud-init[936]: The key fingerprint is:
[   40.477748] cloud-init[936]: SHA256:QIrDQ8YFRWCsMv3PMmNK6n+oOHZrdcdgedHnpu7UnHE root@ubuntu-xenial
[   40.477874] cloud-init[936]: The key's randomart image is:
[   40.477925] cloud-init[936]: +---[RSA 2048]----+
[   40.478028] cloud-init[936]: | o**+ .   .      |
[   40.478077] cloud-init[936]: | =o. o   . . .   |
[   40.478189] cloud-init[936]: | o= . . . . o    |
[   40.478750] cloud-init[936]: |+ .o   = .   o   |
[   40.478806] cloud-init[936]: |.. .  . S   o. E |
[   40.478854] cloud-init[936]: |    .. . o .o +  |
[   40.478939] cloud-init[936]: |  . oo. . .. +   |
[   40.479111] cloud-init[936]: |o+ +=.o   ..     |
         [   40.479171] Starting Login Service...cloud-init
[936]: |=+*=o+    ..     |
[   40.479721] cloud-init[936]: +----[SHA256]-----+
[   40.728054] cloud-init[936]: Generating public/private dsa key pair.
[   40.750377]          Starting Snap Daemon...
         Starting LXD - container startup/shutdown...
[[0;32m  OK  [0m] Started Deferred execution scheduler.
cloud-init[[936]: [0;32m  OK  [0mYour identification has been saved in /etc/ssh/ssh_host_dsa_key.] 
Started Regular background program processing daemon.
[   40.850776] cloud-init[936]: Your public key has been saved in /etc/ssh/ssh_host_dsa_key.pub.
[   40.875109] cloud-init[936]: The key fingerprint is:
[   40.914516] [[0;32m  OK  [0mcloud-init] Started ACPI event daemon.[936]: 
SHA256:rhmlyJgu3Wzt611was2av1VUKgKC2JmsKyTJ/eLXVMc root@ubuntu-xenial
[   40.966095] [[0;32m  OK  [0m] Started D-Bus System Message Bus.cloud-init
[936]: The key's randomart image is:
[   41.028947] cloud-init[936]: +---[DSA 1024]----+
[   41.098428] cloud-init[936]: |   + +. .       .|
[[0;32m  OK  [0m] Started System Logging Service.
[   41.154210] cloud-init[936]: |  . *  . .     o |
[[0;32m  OK  [0m] Started /etc/rc.local Compatibility.
[[0;32m  OK  [0m] Started iSCSI initiator daemon (iscsid).
[   41.195896] cloud-init[936]: |....      o . o  |
         Starting Login to default iSCSI targets...
[   41.288125] [[0;32m  OK  [0m] Started LSB: Record successful boot for GRUB.
[[0;32m  OK  [0m] Started LSB: MD monitoring daemon.
[[0;32m  OK  [0m] Started LXD - container startup/shutdown.
[[0;32m  OK  [0m] Started Login Service.
cloud-init[936]: |oo..     . E o   |
         Starting Authenticate and Authorize Users to Run Privileged Tasks...
[   41.584201] cloud-init[936]: |o  ..   S o   .  |
[[0;32m  OK  [0m[   41.673739] cloud-init[936]: |. .= o = *   .   |
[   41.683219] cloud-init[936]: | o+o+.= + + .    |
[   41.697270] cloud-init[936]: |....+..B + .     |
] Started Unattended Upgrades Shutdown.
[[0;32m  OK  [0m] Started Pollinate to seed the pseudo random number generator.
[   41.700099] cloud-init[936]: | ....o*.+.o.     |
[   41.734801] cloud-init[936]: +----[SHA256]-----+
[   41.734915] cloud-init[936]: Generating public/private ecdsa key pair.
[   41.735010] cloud-init[936]: Your identification has been saved in /etc/ssh/ssh_host_ecdsa_key.
[   41.735119] cloud-init[936]: Your public key has been saved in /etc/ssh/ssh_host_ecdsa_key.pub.
[   41.735260] cloud-init[936]: The key fingerprint is:
[   41.735351] cloud-init[936]: SHA256:pzVx0ieORcI4XKx6AjhYh39yKs3R7VVlw1LaxN/4cbc root@ubuntu-xenial
[   41.735487] cloud-init[936]: The key's randomart image is:
[   41.735608] cloud-init[936]: +---[ECDSA 256]---+
[   41.735784] cloud-init[936]: |   .   . =o .=*  |
[[0;32m  OK  [0m] Started Virtualbox guest utils.
[   41.735930] cloud-init[936]: |  o .   + o+o=o. |
[[0;32m  OK  [0m] Started Authenticate and Authorize Users to Run Privileged Tasks.
[[   41.963193] cloud-init[936]: | o + . . oo.*.oo.|
[   41.975641] cloud-init[936]: |. o = + o .B o..=|
[   41.975766] [0;32m  OK  [0m] Started Accounts Service.cloud-init[936]: |   + B oS.= .  .=|
[   42.003492] cloud-init[936]: |  . + o o+ .   E.|
[   42.003729] cloud-init[936]: |   .   o.        |
[   42.003869] cloud-init[936]: |                 |
[   42.003947] cloud-init[936]: |                 |

[[0;32m  OK  [0m] Started Snap Daemon.
[   42.004054] cloud-init         Starting Wait until snapd is fully seeded...
[936]: +----[SHA256]-----+         Starting OpenBSD Secure Shell server...
[   42.236313] cloud-init[936]: Generating public/private ed25519 key pair.

[   42.256534] cloud-init[[0;32m  OK  [0m] Started Login to default iSCSI targets.[936]: Your identification has been saved in /etc/ssh/ssh_host_ed25519_key.
[   42.307282] cloud-init[936]: Your public key has been saved in /etc/ssh/ssh_host_ed25519_key.pub.
[   42.330915] cloud-init[936]: The key fingerprint is:
[   42.331055] cloud-init[936]: SHA256:7/neIIzDL18wN8zgLgkHOQj5l3HQYmvInkvWA84U01o root@ubuntu-xenial
[   42.331146] cloud-init[936]: The key's randomart image is:

[   42.332816] cloud-init[936]: +--[ED25519 256]--+[
[0;32m  OK  [0m] Reached target Remote File Systems (Pre).
[   42.537277] [[0;32m  OK  [0m] Reached target Remote File Systems.
cloud-init[936]: |  .. ..o         |
         Starting LSB: daemon to balance interrupts for SMP systems...
[   42.587541] cloud-init[936]: |  ..o.E.o        |
         Starting LSB: Set the CPU Frequency Scaling governor to "ondemand"...
[   42.639061] cloud-init[936]: |   o.B+*  .      |
[   42.744609]          Starting LSB: automatic crash report generation...
cloud-init[936]: |    B =o . +     |
         Starting Permit User Sessions...
[[0;32m  OK  [0m] Started OpenBSD Secure Shell server.
[[0;32m  OK  [0m] Started Permit User Sessions.
[   42.798231] cloud-init[936]: |   = *. S + =    |
         Starting Hold until boot process finishes up...
[   42.956631] cloud-init[936]: |    B o+ * + .   |
[   42.993755] cloud-init[936]: |   o . .* = o    |
[   42.997677] cloud-init[936]: |    .   .= + o   |
[   42.998414] cloud-init[936]: |         o=oo .  |
[   43.002726] cloud-init[936]: +----[SHA256]-----+
         Starting Terminate Plymouth Boot Screen...
[[0;32m  OK  [0m] Started LSB: daemon to balance interrupts for SMP systems.
[[0;32m  OK  [0m] Started LSB: Set the CPU Frequency Scaling governor to "ondemand".
[[0;32m  OK  [0m] Started LSB: automatic crash report generation.
[[0;32m  OK  [0m] Started Hold until boot process finishes up.
[[0;32m  OK  [0m] Started Terminate Plymouth Boot Screen.
[[0;32m  OK  [0m] Created slice User Slice of vagrant.
[[0;32m  OK  [0m] Started Session 1 of user vagrant.
         Starting User Manager for UID 1000...
[[0;32m  OK  [0m] Started Serial Getty on ttyS0.
         Starting Set console scheme...
[[0;32m  OK  [0m] Started Getty on tty1.
[[0;32m  OK  [0m] Reached target Login Prompts.
[[0;32m  OK  [0m] Started User Manager for UID 1000.
[[0;32m  OK  [0m] Started Set console scheme.
[[0;32m  OK  [0m] Started Wait until snapd is fully seeded.
         Starting Apply the settings specified in cloud-config...
[[0;32m  OK  [0m] Reached target Multi-User System.
[[0;32m  OK  [0m] Reached target Graphical Interface.
         Starting Update UTMP about System Runlevel Changes...
[[0;32m  OK  [0m] Started Update UTMP about System Runlevel Changes.
         Stopping User Manager for UID 1000...
[[0;32m  OK  [0m] Stopped User Manager for UID 1000.
[[0;32m  OK  [0m] Removed slice User Slice of vagrant.
[[0;32m  OK  [0m] Created slice user-1000.slice.
         Starting User Manager for UID 1000...
[[0;32m  OK  [0m] Started User Manager for UID 1000.
[[0;32m  OK  [0m] Started Session 2 of user vagrant.
[   47.643563] cloud-init[1460]: Generating locales (this might take a while)...
[   49.245668] cloud-init[1460]:   en_US.UTF-8... done
[   49.252669] cloud-init[1460]: Generation complete.

Ubuntu 16.04.7 LTS ubuntu-xenial ttyS0

ubuntu-xenial login: [   49.926446] cloud-init[1460]: Cloud-init v. 20.3-2-g371b392c-0ubuntu1~16.04.1 running 'modules:config' at Mon, 04 Jan 2021 01:15:34 +0000. Up 47.46 seconds.
ci-info: no authorized SSH keys fingerprints found for user ubuntu.
<14>Jan  4 01:15:37 ec2: 
<14>Jan  4 01:15:37 ec2: #############################################################
<14>Jan  4 01:15:37 ec2: -----BEGIN SSH HOST KEY FINGERPRINTS-----
<14>Jan  4 01:15:37 ec2: 1024 SHA256:rhmlyJgu3Wzt611was2av1VUKgKC2JmsKyTJ/eLXVMc root@ubuntu-xenial (DSA)
<14>Jan  4 01:15:37 ec2: 256 SHA256:pzVx0ieORcI4XKx6AjhYh39yKs3R7VVlw1LaxN/4cbc root@ubuntu-xenial (ECDSA)
<14>Jan  4 01:15:37 ec2: 256 SHA256:7/neIIzDL18wN8zgLgkHOQj5l3HQYmvInkvWA84U01o root@ubuntu-xenial (ED25519)
<14>Jan  4 01:15:37 ec2: 2048 SHA256:QIrDQ8YFRWCsMv3PMmNK6n+oOHZrdcdgedHnpu7UnHE root@ubuntu-xenial (RSA)
<14>Jan  4 01:15:37 ec2: -----END SSH HOST KEY FINGERPRINTS-----
<14>Jan  4 01:15:37 ec2: #############################################################
-----BEGIN SSH HOST KEY KEYS-----
ecdsa-sha2-nistp256 AAAAE2VjZHNhLXNoYTItbmlzdHAyNTYAAAAIbmlzdHAyNTYAAABBBGFVjXycrb4lp4QlKaTKUAwDUtS1NbV0GIlLXvGS17xzSm6Sw9IMrUt1vx44tFzbtpnkhoXBY9H3WLdpP09ph5s= root@ubuntu-xenial
ssh-ed25519 AAAAC3NzaC1lZDI1NTE5AAAAIBz5Pi6Yllhod37llrTcY1MPFfJ8GR+u8vORHTW/7xEj root@ubuntu-xenial
ssh-rsa AAAAB3NzaC1yc2EAAAADAQABAAABAQDFjrcARnwkbzqcVmFUdc1LKDAKtncHMLdJd1XlANrrFCpVtyRdcGEFH4GN4iBazSD8KXuF6zZW5TZyJsEWXwzCgDr2Pqr/qPySzg9l52cNC06suOsZzjJkkQcNkfQXdmMxotg7mCTTPwSThgcRvTb4VDuJoBrbdIlawjPMv9E+A4P4lZ4G1XSBqxoozT6BXedTP936DUBWzbZy6Qe0KQwgca09SEDD5CdjceSm58jl9dg3P1Rb2tmGc1BqaZ5hjiHr1cgYsQR/oE9NMgsMBaTTtc4e7M4Um8/rqOZaSQCMjeGL5wnUKJx64EEr7+6vT5umCn79PEG6M3pW+kSvptVJ root@ubuntu-xenial
-----END SSH HOST KEY KEYS-----
[   50.703038] cloud-init[1618]: Cloud-init v. 20.3-2-g371b392c-0ubuntu1~16.04.1 running 'modules:final' at Mon, 04 Jan 2021 01:15:37 +0000. Up 50.44 seconds.
[   50.705822] cloud-init[1618]: ci-info: no authorized SSH keys fingerprints found for user ubuntu.
[   50.706013] cloud-init[1618]: Cloud-init v. 20.3-2-g371b392c-0ubuntu1~16.04.1 finished at Mon, 04 Jan 2021 01:15:37 +0000. Datasource DataSourceNoCloud [seed=/dev/sdb][dsmode=net].  Up 50.66 seconds
